<?xml version="1.0" encoding="UTF-8"?>
<testsuite xmlns:xsi="http://www.w3.org/2001/XMLSchema-instance" xsi:noNamespaceSchemaLocation="https://maven.apache.org/surefire/maven-surefire-plugin/xsd/surefire-test-report.xsd" name="com.zhiyou100.rmlb.TestMybatis" time="20.08" tests="1" errors="1" skipped="0" failures="0">
  <properties>
[...]
</properties>
  <testcase name="testPagesplit" classname="com.zhiyou100.rmlb.TestMybatis" time="0.002">
    <error message="Failed to load ApplicationContext" type="java.lang.IllegalStateException"><![CDATA[java.lang.IllegalStateException: Failed to load ApplicationContext
Caused by: com.alibaba.dubbo.rpc.RpcException: Fail to start server(url: dubbo://192.168.4.215:20880/com.zhiyou100.rmlb.sbt.emall.dubbo.ItemCatDubboService?anyhost=true&application=manager&bind.ip=192.168.4.215&bind.port=20880&channel.readonly.sent=true&codec=dubbo&default.service.filter=regerProviderFilter&default.timeout=10000&dubbo=2.0.1&generic=false&heartbeat=60000&interface=com.zhiyou100.rmlb.sbt.emall.dubbo.ItemCatDubboService&methods=getCatList&pid=5744&qos.accept.foreign.ip=false&qos.enable=false&qos.port=0&revision=1.0.0-SNAPSHOT&side=provider&timestamp=1535099500919&version=1.0.0) Failed to bind NettyServer on /192.168.4.215:20880, cause: Failed to bind to: /0.0.0.0:20880
Caused by: com.alibaba.dubbo.remoting.RemotingException: Failed to bind NettyServer on /192.168.4.215:20880, cause: Failed to bind to: /0.0.0.0:20880
Caused by: org.jboss.netty.channel.ChannelException: Failed to bind to: /0.0.0.0:20880
Caused by: java.net.BindException: Address already in use: bind
]]></error>
    <system-out><![CDATA[16:31:31.640 [main] DEBUG org.springframework.test.context.junit4.SpringJUnit4ClassRunner - SpringJUnit4ClassRunner constructor called with [class com.zhiyou100.rmlb.TestMybatis]
16:31:31.646 [main] DEBUG org.springframework.test.context.BootstrapUtils - Instantiating CacheAwareContextLoaderDelegate from class [org.springframework.test.context.cache.DefaultCacheAwareContextLoaderDelegate]
16:31:31.652 [main] DEBUG org.springframework.test.context.BootstrapUtils - Instantiating BootstrapContext using constructor [public org.springframework.test.context.support.DefaultBootstrapContext(java.lang.Class,org.springframework.test.context.CacheAwareContextLoaderDelegate)]
16:31:31.682 [main] DEBUG org.springframework.test.context.BootstrapUtils - Instantiating TestContextBootstrapper for test class [com.zhiyou100.rmlb.TestMybatis] from class [org.springframework.boot.test.context.SpringBootTestContextBootstrapper]
16:31:31.693 [main] INFO org.springframework.boot.test.context.SpringBootTestContextBootstrapper - Neither @ContextConfiguration nor @ContextHierarchy found for test class [com.zhiyou100.rmlb.TestMybatis], using SpringBootContextLoader
16:31:31.698 [main] DEBUG org.springframework.test.context.support.AbstractContextLoader - Did not detect default resource location for test class [com.zhiyou100.rmlb.TestMybatis]: class path resource [com/zhiyou100/rmlb/TestMybatis-context.xml] does not exist
16:31:31.698 [main] DEBUG org.springframework.test.context.support.AbstractContextLoader - Did not detect default resource location for test class [com.zhiyou100.rmlb.TestMybatis]: class path resource [com/zhiyou100/rmlb/TestMybatisContext.groovy] does not exist
16:31:31.698 [main] INFO org.springframework.test.context.support.AbstractContextLoader - Could not detect default resource locations for test class [com.zhiyou100.rmlb.TestMybatis]: no resource found for suffixes {-context.xml, Context.groovy}.
16:31:31.700 [main] INFO org.springframework.test.context.support.AnnotationConfigContextLoaderUtils - Could not detect default configuration classes for test class [com.zhiyou100.rmlb.TestMybatis]: TestMybatis does not declare any static, non-private, non-final, nested classes annotated with @Configuration.
16:31:31.754 [main] DEBUG org.springframework.test.context.support.ActiveProfilesUtils - Could not find an 'annotation declaring class' for annotation type [org.springframework.test.context.ActiveProfiles] and class [com.zhiyou100.rmlb.TestMybatis]
16:31:31.763 [main] DEBUG org.springframework.core.env.StandardEnvironment - Adding PropertySource 'systemProperties' with lowest search precedence
16:31:31.763 [main] DEBUG org.springframework.core.env.StandardEnvironment - Adding PropertySource 'systemEnvironment' with lowest search precedence
16:31:31.764 [main] DEBUG org.springframework.core.env.StandardEnvironment - Initialized StandardEnvironment with PropertySources [MapPropertySource@921760190 {name='systemProperties', properties={java.runtime.name=Java(TM) SE Runtime Environment, sun.boot.library.path=F:\Program Files\Java\jdk1.8.0_161\jre\bin, java.vm.version=25.161-b12, java.vm.vendor=Oracle Corporation, java.vendor.url=http://java.oracle.com/, path.separator=;, java.vm.name=Java HotSpot(TM) 64-Bit Server VM, file.encoding.pkg=sun.io, user.country=CN, user.script=, sun.java.launcher=SUN_STANDARD, sun.os.patch.level=, java.vm.specification.name=Java Virtual Machine Specification, user.dir=E:\springboot\rmlb-emall-sbt-parent\rmlb-emall-sbt-manager\rmlb-emall-sbt-service, java.runtime.version=1.8.0_161-b12, basedir=E:\springboot\rmlb-emall-sbt-parent\rmlb-emall-sbt-manager\rmlb-emall-sbt-service, java.awt.graphicsenv=sun.awt.Win32GraphicsEnvironment, java.endorsed.dirs=F:\Program Files\Java\jdk1.8.0_161\jre\lib\endorsed, os.arch=amd64, surefire.real.class.path=C:\Users\ADMINI~1\AppData\Local\Temp\surefire1291282583231692414\surefirebooter3508340288702369608.jar, java.io.tmpdir=C:\Users\ADMINI~1\AppData\Local\Temp\, line.separator=
, java.vm.specification.vendor=Oracle Corporation, user.variant=, os.name=Windows 10, sun.jnu.encoding=GBK, java.library.path=F:\Program Files\Java\jdk1.8.0_161\jre\bin;C:\WINDOWS\Sun\Java\bin;C:\WINDOWS\system32;C:\WINDOWS;F:/Program Files/Java/jdk1.8.0_161/bin/../jre/bin/server;F:/Program Files/Java/jdk1.8.0_161/bin/../jre/bin;F:/Program Files/Java/jdk1.8.0_161/bin/../jre/lib/amd64;C:\WINDOWS\system32;C:\WINDOWS;C:\WINDOWS\System32\Wbem;C:\WINDOWS\System32\WindowsPowerShell\v1.0\;F:\Program Files\Java\jdk1.8.0_161\bin;C:\Program Files\MySQL\MySQL Utilities 1.6\;F:\Program Files\apache-maven-3.5.3-bin\apache-maven-3.5.3\bin;C:\WINDOWS\System32\OpenSSH\;F:\SVN\VisualSVN Server\bin;F:\Program Files\TortoiseSVN\bin;E:\Program Files\Git\cmd;C:\Users\Administrator\AppData\Local\Microsoft\WindowsApps;;C:\Users\Administrator\Desktop;;., surefire.test.class.path=E:\springboot\rmlb-emall-sbt-parent\rmlb-emall-sbt-manager\rmlb-emall-sbt-service\target\test-classes;E:\springboot\rmlb-emall-sbt-parent\rmlb-emall-sbt-manager\rmlb-emall-sbt-service\target\classes;E:\springboot\rmlb-emall-sbt-parent\rmlb-emall-sbt-manager\rmlb-emall-sbt-dao\target\rmlb-emall-sbt-dao-1.0.0-SNAPSHOT.jar;E:\maven_4110\com\zhiyou100\rmlb-emall-sbt-common\1.0.0-SNAPSHOT\rmlb-emall-sbt-common-1.0.0-SNAPSHOT.jar;E:\maven_4110\com\fasterxml\jackson\core\jackson-databind\2.9.6\jackson-databind-2.9.6.jar;E:\maven_4110\com\fasterxml\jackson\core\jackson-annotations\2.9.0\jackson-annotations-2.9.0.jar;E:\maven_4110\org\csource\fastdfs-client-java\1.27-SNAPSHOT\fastdfs-client-java-1.27-SNAPSHOT.jar;E:\maven_4110\org\mybatis\mybatis\3.4.6\mybatis-3.4.6.jar;E:\maven_4110\org\mybatis\mybatis-spring\1.3.2\mybatis-spring-1.3.2.jar;E:\maven_4110\com\github\miemiedev\mybatis-paginator\1.2.17\mybatis-paginator-1.2.17.jar;E:\maven_4110\org\slf4j\slf4j-api\1.7.25\slf4j-api-1.7.25.jar;E:\maven_4110\com\github\pagehelper\pagehelper\5.1.4\pagehelper-5.1.4.jar;E:\maven_4110\com\github\jsqlparser\jsqlparser\1.0\jsqlparser-1.0.jar;E:\maven_4110\com\alibaba\druid\1.1.10\druid-1.1.10.jar;E:\springboot\rmlb-emall-sbt-parent\rmlb-emall-sbt-manager\rmlb-emall-sbt-api\target\rmlb-emall-sbt-api-1.0.0-SNAPSHOT.jar;E:\springboot\rmlb-emall-sbt-parent\rmlb-emall-sbt-manager\rmlb-emall-sbt-pojo\target\rmlb-emall-sbt-pojo-1.0.0-SNAPSHOT.jar;E:\maven_4110\org\springframework\boot\spring-boot-starter-web\2.0.3.RELEASE\spring-boot-starter-web-2.0.3.RELEASE.jar;E:\maven_4110\org\springframework\boot\spring-boot-starter\2.0.3.RELEASE\spring-boot-starter-2.0.3.RELEASE.jar;E:\maven_4110\org\springframework\boot\spring-boot\2.0.3.RELEASE\spring-boot-2.0.3.RELEASE.jar;E:\maven_4110\javax\annotation\javax.annotation-api\1.3.2\javax.annotation-api-1.3.2.jar;E:\maven_4110\org\springframework\boot\spring-boot-starter-json\2.0.3.RELEASE\spring-boot-starter-json-2.0.3.RELEASE.jar;E:\maven_4110\com\fasterxml\jackson\datatype\jackson-datatype-jdk8\2.9.6\jackson-datatype-jdk8-2.9.6.jar;E:\maven_4110\com\fasterxml\jackson\datatype\jackson-datatype-jsr310\2.9.6\jackson-datatype-jsr310-2.9.6.jar;E:\maven_4110\com\fasterxml\jackson\module\jackson-module-parameter-names\2.9.6\jackson-module-parameter-names-2.9.6.jar;E:\maven_4110\org\springframework\boot\spring-boot-starter-tomcat\2.0.3.RELEASE\spring-boot-starter-tomcat-2.0.3.RELEASE.jar;E:\maven_4110\org\apache\tomcat\embed\tomcat-embed-core\8.5.31\tomcat-embed-core-8.5.31.jar;E:\maven_4110\org\apache\tomcat\embed\tomcat-embed-websocket\8.5.31\tomcat-embed-websocket-8.5.31.jar;E:\maven_4110\org\hibernate\validator\hibernate-validator\6.0.10.Final\hibernate-validator-6.0.10.Final.jar;E:\maven_4110\javax\validation\validation-api\2.0.1.Final\validation-api-2.0.1.Final.jar;E:\maven_4110\org\jboss\logging\jboss-logging\3.3.2.Final\jboss-logging-3.3.2.Final.jar;E:\maven_4110\com\fasterxml\classmate\1.3.4\classmate-1.3.4.jar;E:\maven_4110\org\springframework\spring-web\5.0.7.RELEASE\spring-web-5.0.7.RELEASE.jar;E:\maven_4110\org\springframework\spring-beans\5.0.7.RELEASE\spring-beans-5.0.7.RELEASE.jar;E:\maven_4110\org\springframework\spring-webmvc\5.0.7.RELEASE\spring-webmvc-5.0.7.RELEASE.jar;E:\maven_4110\org\springframework\spring-aop\5.0.7.RELEASE\spring-aop-5.0.7.RELEASE.jar;E:\maven_4110\org\springframework\spring-expression\5.0.7.RELEASE\spring-expression-5.0.7.RELEASE.jar;E:\maven_4110\org\springframework\boot\spring-boot-starter-test\2.0.3.RELEASE\spring-boot-starter-test-2.0.3.RELEASE.jar;E:\maven_4110\org\springframework\boot\spring-boot-test\2.0.3.RELEASE\spring-boot-test-2.0.3.RELEASE.jar;E:\maven_4110\org\springframework\boot\spring-boot-test-autoconfigure\2.0.3.RELEASE\spring-boot-test-autoconfigure-2.0.3.RELEASE.jar;E:\maven_4110\com\jayway\jsonpath\json-path\2.4.0\json-path-2.4.0.jar;E:\maven_4110\net\minidev\json-smart\2.3\json-smart-2.3.jar;E:\maven_4110\net\minidev\accessors-smart\1.2\accessors-smart-1.2.jar;E:\maven_4110\org\ow2\asm\asm\5.0.4\asm-5.0.4.jar;E:\maven_4110\junit\junit\4.12\junit-4.12.jar;E:\maven_4110\org\assertj\assertj-core\3.9.1\assertj-core-3.9.1.jar;E:\maven_4110\org\mockito\mockito-core\2.15.0\mockito-core-2.15.0.jar;E:\maven_4110\net\bytebuddy\byte-buddy\1.7.11\byte-buddy-1.7.11.jar;E:\maven_4110\net\bytebuddy\byte-buddy-agent\1.7.11\byte-buddy-agent-1.7.11.jar;E:\maven_4110\org\objenesis\objenesis\2.6\objenesis-2.6.jar;E:\maven_4110\org\hamcrest\hamcrest-core\1.3\hamcrest-core-1.3.jar;E:\maven_4110\org\hamcrest\hamcrest-library\1.3\hamcrest-library-1.3.jar;E:\maven_4110\org\skyscreamer\jsonassert\1.5.0\jsonassert-1.5.0.jar;E:\maven_4110\com\vaadin\external\google\android-json\0.0.20131108.vaadin1\android-json-0.0.20131108.vaadin1.jar;E:\maven_4110\org\springframework\spring-core\5.0.7.RELEASE\spring-core-5.0.7.RELEASE.jar;E:\maven_4110\org\springframework\spring-jcl\5.0.7.RELEASE\spring-jcl-5.0.7.RELEASE.jar;E:\maven_4110\org\springframework\spring-test\5.0.7.RELEASE\spring-test-5.0.7.RELEASE.jar;E:\maven_4110\org\xmlunit\xmlunit-core\2.5.1\xmlunit-core-2.5.1.jar;E:\maven_4110\org\springframework\boot\spring-boot-configuration-processor\2.0.3.RELEASE\spring-boot-configuration-processor-2.0.3.RELEASE.jar;E:\maven_4110\org\springframework\boot\spring-boot-starter-validation\2.0.3.RELEASE\spring-boot-starter-validation-2.0.3.RELEASE.jar;E:\maven_4110\org\apache\tomcat\embed\tomcat-embed-el\8.5.31\tomcat-embed-el-8.5.31.jar;E:\maven_4110\mysql\mysql-connector-java\5.1.46\mysql-connector-java-5.1.46.jar;E:\maven_4110\org\springframework\boot\spring-boot-starter-cache\2.0.3.RELEASE\spring-boot-starter-cache-2.0.3.RELEASE.jar;E:\maven_4110\org\springframework\spring-context\5.0.7.RELEASE\spring-context-5.0.7.RELEASE.jar;E:\maven_4110\org\springframework\spring-context-support\5.0.7.RELEASE\spring-context-support-5.0.7.RELEASE.jar;E:\maven_4110\org\springframework\boot\spring-boot-starter-data-redis\2.0.3.RELEASE\spring-boot-starter-data-redis-2.0.3.RELEASE.jar;E:\maven_4110\org\springframework\data\spring-data-redis\2.0.8.RELEASE\spring-data-redis-2.0.8.RELEASE.jar;E:\maven_4110\org\springframework\data\spring-data-keyvalue\2.0.8.RELEASE\spring-data-keyvalue-2.0.8.RELEASE.jar;E:\maven_4110\org\springframework\data\spring-data-commons\2.0.8.RELEASE\spring-data-commons-2.0.8.RELEASE.jar;E:\maven_4110\org\springframework\spring-tx\5.0.7.RELEASE\spring-tx-5.0.7.RELEASE.jar;E:\maven_4110\org\springframework\spring-oxm\5.0.7.RELEASE\spring-oxm-5.0.7.RELEASE.jar;E:\maven_4110\io\lettuce\lettuce-core\5.0.4.RELEASE\lettuce-core-5.0.4.RELEASE.jar;E:\maven_4110\io\projectreactor\reactor-core\3.1.8.RELEASE\reactor-core-3.1.8.RELEASE.jar;E:\maven_4110\org\reactivestreams\reactive-streams\1.0.2\reactive-streams-1.0.2.jar;E:\maven_4110\io\netty\netty-common\4.1.25.Final\netty-common-4.1.25.Final.jar;E:\maven_4110\io\netty\netty-transport\4.1.25.Final\netty-transport-4.1.25.Final.jar;E:\maven_4110\io\netty\netty-buffer\4.1.25.Final\netty-buffer-4.1.25.Final.jar;E:\maven_4110\io\netty\netty-resolver\4.1.25.Final\netty-resolver-4.1.25.Final.jar;E:\maven_4110\io\netty\netty-handler\4.1.25.Final\netty-handler-4.1.25.Final.jar;E:\maven_4110\io\netty\netty-codec\4.1.25.Final\netty-codec-4.1.25.Final.jar;E:\maven_4110\org\apache\commons\commons-pool2\2.5.0\commons-pool2-2.5.0.jar;E:\maven_4110\org\mybatis\spring\boot\mybatis-spring-boot-starter\1.3.2\mybatis-spring-boot-starter-1.3.2.jar;E:\maven_4110\org\springframework\boot\spring-boot-starter-jdbc\2.0.3.RELEASE\spring-boot-starter-jdbc-2.0.3.RELEASE.jar;E:\maven_4110\com\zaxxer\HikariCP\2.7.9\HikariCP-2.7.9.jar;E:\maven_4110\org\springframework\spring-jdbc\5.0.7.RELEASE\spring-jdbc-5.0.7.RELEASE.jar;E:\maven_4110\org\mybatis\spring\boot\mybatis-spring-boot-autoconfigure\1.3.2\mybatis-spring-boot-autoconfigure-1.3.2.jar;E:\maven_4110\com\alibaba\druid-spring-boot-starter\1.1.10\druid-spring-boot-starter-1.1.10.jar;E:\maven_4110\org\springframework\boot\spring-boot-autoconfigure\2.0.3.RELEASE\spring-boot-autoconfigure-2.0.3.RELEASE.jar;E:\maven_4110\com\github\pagehelper\pagehelper-spring-boot-starter\1.2.5\pagehelper-spring-boot-starter-1.2.5.jar;E:\maven_4110\com\github\pagehelper\pagehelper-spring-boot-autoconfigure\1.2.5\pagehelper-spring-boot-autoconfigure-1.2.5.jar;E:\maven_4110\com\gitee\reger\spring-boot-starter-dubbo\1.1.1\spring-boot-starter-dubbo-1.1.1.jar;E:\maven_4110\org\slf4j\log4j-over-slf4j\1.7.25\log4j-over-slf4j-1.7.25.jar;E:\maven_4110\org\springframework\boot\spring-boot-starter-logging\2.0.3.RELEASE\spring-boot-starter-logging-2.0.3.RELEASE.jar;E:\maven_4110\ch\qos\logback\logback-classic\1.2.3\logback-classic-1.2.3.jar;E:\maven_4110\ch\qos\logback\logback-core\1.2.3\logback-core-1.2.3.jar;E:\maven_4110\org\apache\logging\log4j\log4j-to-slf4j\2.10.0\log4j-to-slf4j-2.10.0.jar;E:\maven_4110\com\101tec\zkclient\0.5\zkclient-0.5.jar;E:\maven_4110\org\apache\zookeeper\zookeeper\3.4.3\zookeeper-3.4.3.jar;E:\maven_4110\jline\jline\0.9.94\jline-0.9.94.jar;E:\maven_4110\com\alibaba\dubbo\2.5.10\dubbo-2.5.10.jar;E:\maven_4110\org\javassist\javassist\3.20.0-GA\javassist-3.20.0-GA.jar;E:\maven_4110\org\jboss\netty\netty\3.2.5.Final\netty-3.2.5.Final.jar;E:\maven_4110\org\springframework\boot\spring-boot-starter-log4j2\2.0.3.RELEASE\spring-boot-starter-log4j2-2.0.3.RELEASE.jar;E:\maven_4110\org\apache\logging\log4j\log4j-core\2.10.0\log4j-core-2.10.0.jar;E:\maven_4110\org\apache\logging\log4j\log4j-api\2.10.0\log4j-api-2.10.0.jar;E:\maven_4110\org\apache\logging\log4j\log4j-jul\2.10.0\log4j-jul-2.10.0.jar;E:\maven_4110\org\slf4j\jul-to-slf4j\1.7.25\jul-to-slf4j-1.7.25.jar;E:\maven_4110\com\fasterxml\jackson\dataformat\jackson-dataformat-yaml\2.9.6\jackson-dataformat-yaml-2.9.6.jar;E:\maven_4110\org\yaml\snakeyaml\1.19\snakeyaml-1.19.jar;E:\maven_4110\com\fasterxml\jackson\core\jackson-core\2.9.6\jackson-core-2.9.6.jar;, java.specification.name=Java Platform API Specification, java.class.version=52.0, sun.management.compiler=HotSpot 64-Bit Tiered Compilers, os.version=10.0, user.home=C:\Users\Administrator, user.timezone=Asia/Shanghai, java.awt.printerjob=sun.awt.windows.WPrinterJob, file.encoding=GBK, java.specification.version=1.8, java.class.path=E:\springboot\rmlb-emall-sbt-parent\rmlb-emall-sbt-manager\rmlb-emall-sbt-service\target\test-classes;E:\springboot\rmlb-emall-sbt-parent\rmlb-emall-sbt-manager\rmlb-emall-sbt-service\target\classes;E:\springboot\rmlb-emall-sbt-parent\rmlb-emall-sbt-manager\rmlb-emall-sbt-dao\target\rmlb-emall-sbt-dao-1.0.0-SNAPSHOT.jar;E:\maven_4110\com\zhiyou100\rmlb-emall-sbt-common\1.0.0-SNAPSHOT\rmlb-emall-sbt-common-1.0.0-SNAPSHOT.jar;E:\maven_4110\com\fasterxml\jackson\core\jackson-databind\2.9.6\jackson-databind-2.9.6.jar;E:\maven_4110\com\fasterxml\jackson\core\jackson-annotations\2.9.0\jackson-annotations-2.9.0.jar;E:\maven_4110\org\csource\fastdfs-client-java\1.27-SNAPSHOT\fastdfs-client-java-1.27-SNAPSHOT.jar;E:\maven_4110\org\mybatis\mybatis\3.4.6\mybatis-3.4.6.jar;E:\maven_4110\org\mybatis\mybatis-spring\1.3.2\mybatis-spring-1.3.2.jar;E:\maven_4110\com\github\miemiedev\mybatis-paginator\1.2.17\mybatis-paginator-1.2.17.jar;E:\maven_4110\org\slf4j\slf4j-api\1.7.25\slf4j-api-1.7.25.jar;E:\maven_4110\com\github\pagehelper\pagehelper\5.1.4\pagehelper-5.1.4.jar;E:\maven_4110\com\github\jsqlparser\jsqlparser\1.0\jsqlparser-1.0.jar;E:\maven_4110\com\alibaba\druid\1.1.10\druid-1.1.10.jar;E:\springboot\rmlb-emall-sbt-parent\rmlb-emall-sbt-manager\rmlb-emall-sbt-api\target\rmlb-emall-sbt-api-1.0.0-SNAPSHOT.jar;E:\springboot\rmlb-emall-sbt-parent\rmlb-emall-sbt-manager\rmlb-emall-sbt-pojo\target\rmlb-emall-sbt-pojo-1.0.0-SNAPSHOT.jar;E:\maven_4110\org\springframework\boot\spring-boot-starter-web\2.0.3.RELEASE\spring-boot-starter-web-2.0.3.RELEASE.jar;E:\maven_4110\org\springframework\boot\spring-boot-starter\2.0.3.RELEASE\spring-boot-starter-2.0.3.RELEASE.jar;E:\maven_4110\org\springframework\boot\spring-boot\2.0.3.RELEASE\spring-boot-2.0.3.RELEASE.jar;E:\maven_4110\javax\annotation\javax.annotation-api\1.3.2\javax.annotation-api-1.3.2.jar;E:\maven_4110\org\springframework\boot\spring-boot-starter-json\2.0.3.RELEASE\spring-boot-starter-json-2.0.3.RELEASE.jar;E:\maven_4110\com\fasterxml\jackson\datatype\jackson-datatype-jdk8\2.9.6\jackson-datatype-jdk8-2.9.6.jar;E:\maven_4110\com\fasterxml\jackson\datatype\jackson-datatype-jsr310\2.9.6\jackson-datatype-jsr310-2.9.6.jar;E:\maven_4110\com\fasterxml\jackson\module\jackson-module-parameter-names\2.9.6\jackson-module-parameter-names-2.9.6.jar;E:\maven_4110\org\springframework\boot\spring-boot-starter-tomcat\2.0.3.RELEASE\spring-boot-starter-tomcat-2.0.3.RELEASE.jar;E:\maven_4110\org\apache\tomcat\embed\tomcat-embed-core\8.5.31\tomcat-embed-core-8.5.31.jar;E:\maven_4110\org\apache\tomcat\embed\tomcat-embed-websocket\8.5.31\tomcat-embed-websocket-8.5.31.jar;E:\maven_4110\org\hibernate\validator\hibernate-validator\6.0.10.Final\hibernate-validator-6.0.10.Final.jar;E:\maven_4110\javax\validation\validation-api\2.0.1.Final\validation-api-2.0.1.Final.jar;E:\maven_4110\org\jboss\logging\jboss-logging\3.3.2.Final\jboss-logging-3.3.2.Final.jar;E:\maven_4110\com\fasterxml\classmate\1.3.4\classmate-1.3.4.jar;E:\maven_4110\org\springframework\spring-web\5.0.7.RELEASE\spring-web-5.0.7.RELEASE.jar;E:\maven_4110\org\springframework\spring-beans\5.0.7.RELEASE\spring-beans-5.0.7.RELEASE.jar;E:\maven_4110\org\springframework\spring-webmvc\5.0.7.RELEASE\spring-webmvc-5.0.7.RELEASE.jar;E:\maven_4110\org\springframework\spring-aop\5.0.7.RELEASE\spring-aop-5.0.7.RELEASE.jar;E:\maven_4110\org\springframework\spring-expression\5.0.7.RELEASE\spring-expression-5.0.7.RELEASE.jar;E:\maven_4110\org\springframework\boot\spring-boot-starter-test\2.0.3.RELEASE\spring-boot-starter-test-2.0.3.RELEASE.jar;E:\maven_4110\org\springframework\boot\spring-boot-test\2.0.3.RELEASE\spring-boot-test-2.0.3.RELEASE.jar;E:\maven_4110\org\springframework\boot\spring-boot-test-autoconfigure\2.0.3.RELEASE\spring-boot-test-autoconfigure-2.0.3.RELEASE.jar;E:\maven_4110\com\jayway\jsonpath\json-path\2.4.0\json-path-2.4.0.jar;E:\maven_4110\net\minidev\json-smart\2.3\json-smart-2.3.jar;E:\maven_4110\net\minidev\accessors-smart\1.2\accessors-smart-1.2.jar;E:\maven_4110\org\ow2\asm\asm\5.0.4\asm-5.0.4.jar;E:\maven_4110\junit\junit\4.12\junit-4.12.jar;E:\maven_4110\org\assertj\assertj-core\3.9.1\assertj-core-3.9.1.jar;E:\maven_4110\org\mockito\mockito-core\2.15.0\mockito-core-2.15.0.jar;E:\maven_4110\net\bytebuddy\byte-buddy\1.7.11\byte-buddy-1.7.11.jar;E:\maven_4110\net\bytebuddy\byte-buddy-agent\1.7.11\byte-buddy-agent-1.7.11.jar;E:\maven_4110\org\objenesis\objenesis\2.6\objenesis-2.6.jar;E:\maven_4110\org\hamcrest\hamcrest-core\1.3\hamcrest-core-1.3.jar;E:\maven_4110\org\hamcrest\hamcrest-library\1.3\hamcrest-library-1.3.jar;E:\maven_4110\org\skyscreamer\jsonassert\1.5.0\jsonassert-1.5.0.jar;E:\maven_4110\com\vaadin\external\google\android-json\0.0.20131108.vaadin1\android-json-0.0.20131108.vaadin1.jar;E:\maven_4110\org\springframework\spring-core\5.0.7.RELEASE\spring-core-5.0.7.RELEASE.jar;E:\maven_4110\org\springframework\spring-jcl\5.0.7.RELEASE\spring-jcl-5.0.7.RELEASE.jar;E:\maven_4110\org\springframework\spring-test\5.0.7.RELEASE\spring-test-5.0.7.RELEASE.jar;E:\maven_4110\org\xmlunit\xmlunit-core\2.5.1\xmlunit-core-2.5.1.jar;E:\maven_4110\org\springframework\boot\spring-boot-configuration-processor\2.0.3.RELEASE\spring-boot-configuration-processor-2.0.3.RELEASE.jar;E:\maven_4110\org\springframework\boot\spring-boot-starter-validation\2.0.3.RELEASE\spring-boot-starter-validation-2.0.3.RELEASE.jar;E:\maven_4110\org\apache\tomcat\embed\tomcat-embed-el\8.5.31\tomcat-embed-el-8.5.31.jar;E:\maven_4110\mysql\mysql-connector-java\5.1.46\mysql-connector-java-5.1.46.jar;E:\maven_4110\org\springframework\boot\spring-boot-starter-cache\2.0.3.RELEASE\spring-boot-starter-cache-2.0.3.RELEASE.jar;E:\maven_4110\org\springframework\spring-context\5.0.7.RELEASE\spring-context-5.0.7.RELEASE.jar;E:\maven_4110\org\springframework\spring-context-support\5.0.7.RELEASE\spring-context-support-5.0.7.RELEASE.jar;E:\maven_4110\org\springframework\boot\spring-boot-starter-data-redis\2.0.3.RELEASE\spring-boot-starter-data-redis-2.0.3.RELEASE.jar;E:\maven_4110\org\springframework\data\spring-data-redis\2.0.8.RELEASE\spring-data-redis-2.0.8.RELEASE.jar;E:\maven_4110\org\springframework\data\spring-data-keyvalue\2.0.8.RELEASE\spring-data-keyvalue-2.0.8.RELEASE.jar;E:\maven_4110\org\springframework\data\spring-data-commons\2.0.8.RELEASE\spring-data-commons-2.0.8.RELEASE.jar;E:\maven_4110\org\springframework\spring-tx\5.0.7.RELEASE\spring-tx-5.0.7.RELEASE.jar;E:\maven_4110\org\springframework\spring-oxm\5.0.7.RELEASE\spring-oxm-5.0.7.RELEASE.jar;E:\maven_4110\io\lettuce\lettuce-core\5.0.4.RELEASE\lettuce-core-5.0.4.RELEASE.jar;E:\maven_4110\io\projectreactor\reactor-core\3.1.8.RELEASE\reactor-core-3.1.8.RELEASE.jar;E:\maven_4110\org\reactivestreams\reactive-streams\1.0.2\reactive-streams-1.0.2.jar;E:\maven_4110\io\netty\netty-common\4.1.25.Final\netty-common-4.1.25.Final.jar;E:\maven_4110\io\netty\netty-transport\4.1.25.Final\netty-transport-4.1.25.Final.jar;E:\maven_4110\io\netty\netty-buffer\4.1.25.Final\netty-buffer-4.1.25.Final.jar;E:\maven_4110\io\netty\netty-resolver\4.1.25.Final\netty-resolver-4.1.25.Final.jar;E:\maven_4110\io\netty\netty-handler\4.1.25.Final\netty-handler-4.1.25.Final.jar;E:\maven_4110\io\netty\netty-codec\4.1.25.Final\netty-codec-4.1.25.Final.jar;E:\maven_4110\org\apache\commons\commons-pool2\2.5.0\commons-pool2-2.5.0.jar;E:\maven_4110\org\mybatis\spring\boot\mybatis-spring-boot-starter\1.3.2\mybatis-spring-boot-starter-1.3.2.jar;E:\maven_4110\org\springframework\boot\spring-boot-starter-jdbc\2.0.3.RELEASE\spring-boot-starter-jdbc-2.0.3.RELEASE.jar;E:\maven_4110\com\zaxxer\HikariCP\2.7.9\HikariCP-2.7.9.jar;E:\maven_4110\org\springframework\spring-jdbc\5.0.7.RELEASE\spring-jdbc-5.0.7.RELEASE.jar;E:\maven_4110\org\mybatis\spring\boot\mybatis-spring-boot-autoconfigure\1.3.2\mybatis-spring-boot-autoconfigure-1.3.2.jar;E:\maven_4110\com\alibaba\druid-spring-boot-starter\1.1.10\druid-spring-boot-starter-1.1.10.jar;E:\maven_4110\org\springframework\boot\spring-boot-autoconfigure\2.0.3.RELEASE\spring-boot-autoconfigure-2.0.3.RELEASE.jar;E:\maven_4110\com\github\pagehelper\pagehelper-spring-boot-starter\1.2.5\pagehelper-spring-boot-starter-1.2.5.jar;E:\maven_4110\com\github\pagehelper\pagehelper-spring-boot-autoconfigure\1.2.5\pagehelper-spring-boot-autoconfigure-1.2.5.jar;E:\maven_4110\com\gitee\reger\spring-boot-starter-dubbo\1.1.1\spring-boot-starter-dubbo-1.1.1.jar;E:\maven_4110\org\slf4j\log4j-over-slf4j\1.7.25\log4j-over-slf4j-1.7.25.jar;E:\maven_4110\org\springframework\boot\spring-boot-starter-logging\2.0.3.RELEASE\spring-boot-starter-logging-2.0.3.RELEASE.jar;E:\maven_4110\ch\qos\logback\logback-classic\1.2.3\logback-classic-1.2.3.jar;E:\maven_4110\ch\qos\logback\logback-core\1.2.3\logback-core-1.2.3.jar;E:\maven_4110\org\apache\logging\log4j\log4j-to-slf4j\2.10.0\log4j-to-slf4j-2.10.0.jar;E:\maven_4110\com\101tec\zkclient\0.5\zkclient-0.5.jar;E:\maven_4110\org\apache\zookeeper\zookeeper\3.4.3\zookeeper-3.4.3.jar;E:\maven_4110\jline\jline\0.9.94\jline-0.9.94.jar;E:\maven_4110\com\alibaba\dubbo\2.5.10\dubbo-2.5.10.jar;E:\maven_4110\org\javassist\javassist\3.20.0-GA\javassist-3.20.0-GA.jar;E:\maven_4110\org\jboss\netty\netty\3.2.5.Final\netty-3.2.5.Final.jar;E:\maven_4110\org\springframework\boot\spring-boot-starter-log4j2\2.0.3.RELEASE\spring-boot-starter-log4j2-2.0.3.RELEASE.jar;E:\maven_4110\org\apache\logging\log4j\log4j-core\2.10.0\log4j-core-2.10.0.jar;E:\maven_4110\org\apache\logging\log4j\log4j-api\2.10.0\log4j-api-2.10.0.jar;E:\maven_4110\org\apache\logging\log4j\log4j-jul\2.10.0\log4j-jul-2.10.0.jar;E:\maven_4110\org\slf4j\jul-to-slf4j\1.7.25\jul-to-slf4j-1.7.25.jar;E:\maven_4110\com\fasterxml\jackson\dataformat\jackson-dataformat-yaml\2.9.6\jackson-dataformat-yaml-2.9.6.jar;E:\maven_4110\org\yaml\snakeyaml\1.19\snakeyaml-1.19.jar;E:\maven_4110\com\fasterxml\jackson\core\jackson-core\2.9.6\jackson-core-2.9.6.jar;, user.name=Administrator, java.vm.specification.version=1.8, sun.java.command=C:\Users\ADMINI~1\AppData\Local\Temp\surefire1291282583231692414\surefirebooter3508340288702369608.jar C:\Users\Administrator\AppData\Local\Temp\surefire1291282583231692414 2018-08-24T16-31-30_512-jvmRun1 surefire346430608352048186tmp surefire_046934541134317506tmp, java.home=F:\Program Files\Java\jdk1.8.0_161\jre, sun.arch.data.model=64, user.language=zh, java.specification.vendor=Oracle Corporation, awt.toolkit=sun.awt.windows.WToolkit, java.vm.info=mixed mode, java.version=1.8.0_161, java.ext.dirs=F:\Program Files\Java\jdk1.8.0_161\jre\lib\ext;C:\WINDOWS\Sun\Java\lib\ext, sun.boot.class.path=F:\Program Files\Java\jdk1.8.0_161\jre\lib\resources.jar;F:\Program Files\Java\jdk1.8.0_161\jre\lib\rt.jar;F:\Program Files\Java\jdk1.8.0_161\jre\lib\sunrsasign.jar;F:\Program Files\Java\jdk1.8.0_161\jre\lib\jsse.jar;F:\Program Files\Java\jdk1.8.0_161\jre\lib\jce.jar;F:\Program Files\Java\jdk1.8.0_161\jre\lib\charsets.jar;F:\Program Files\Java\jdk1.8.0_161\jre\lib\jfr.jar;F:\Program Files\Java\jdk1.8.0_161\jre\classes, java.vendor=Oracle Corporation, localRepository=E:\maven_4110, file.separator=\, java.vendor.url.bug=http://bugreport.sun.com/bugreport/, sun.io.unicode.encoding=UnicodeLittle, sun.cpu.endian=little, sun.desktop=windows, sun.cpu.isalist=amd64}}, SystemEnvironmentPropertySource@360067785 {name='systemEnvironment', properties={PATH=F:/Program Files/Java/jdk1.8.0_161/bin/../jre/bin/server;F:/Program Files/Java/jdk1.8.0_161/bin/../jre/bin;F:/Program Files/Java/jdk1.8.0_161/bin/../jre/lib/amd64;C:\WINDOWS\system32;C:\WINDOWS;C:\WINDOWS\System32\Wbem;C:\WINDOWS\System32\WindowsPowerShell\v1.0\;F:\Program Files\Java\jdk1.8.0_161\bin;C:\Program Files\MySQL\MySQL Utilities 1.6\;F:\Program Files\apache-maven-3.5.3-bin\apache-maven-3.5.3\bin;C:\WINDOWS\System32\OpenSSH\;F:\SVN\VisualSVN Server\bin;F:\Program Files\TortoiseSVN\bin;E:\Program Files\Git\cmd;C:\Users\Administrator\AppData\Local\Microsoft\WindowsApps;;C:\Users\Administrator\Desktop;, USERDOMAIN_ROAMINGPROFILE=PC-201805281501, LOCALAPPDATA=C:\Users\Administrator\AppData\Local, PROCESSOR_LEVEL=6, SYSTEMDRIVE=C:, COMMONPROGRAMFILES(X86)=C:\Program Files (x86)\Common Files, USERDOMAIN=PC-201805281501, FPS_BROWSER_APP_PROFILE_STRING=Internet Explorer, LOGONSERVER=\\PC-201805281501, JAVA_HOME=F:\Program Files\Java\jdk1.8.0_161, PROMPT=$P$G, SESSIONNAME=Console, ALLUSERSPROFILE=C:\ProgramData, PROGRAMFILES(X86)=C:\Program Files (x86), PROCESSOR_ARCHITECTURE=AMD64, DRIVERDATA=C:\Windows\System32\Drivers\DriverData, =E:=E:\springboot\rmlb-emall-sbt-parent\rmlb-emall-sbt-manager\rmlb-emall-sbt-service, MAVEN_HOME=F:\Program Files\apache-maven-3.5.3-bin\apache-maven-3.5.3, PROGRAMFILES=C:\Program Files, APPDATA=C:\Users\Administrator\AppData\Roaming, PSMODULEPATH=C:\Program Files\WindowsPowerShell\Modules;C:\WINDOWS\system32\WindowsPowerShell\v1.0\Modules;F:\SVN\VisualSVN Server\PowerShellModules, PROGRAMW6432=C:\Program Files, PROGRAMDATA=C:\ProgramData, SYSTEMROOT=C:\WINDOWS, USERNAME=Administrator, TOMCAT_HOME=F:\Tomcat\apache-tomcat-8.5.20\bin, VISUALSVN_SERVER=F:\SVN\VisualSVN Server\, FPS_BROWSER_USER_PROFILE_STRING=Default, ONEDRIVE=C:\Users\Administrator\OneDrive, PATHEXT=.COM;.EXE;.BAT;.CMD;.VBS;.VBE;.JS;.JSE;.WSF;.WSH;.MSC, OS=Windows_NT, COMMONPROGRAMW6432=C:\Program Files\Common Files, COMPUTERNAME=PC-201805281501, COMMONPROGRAMFILES=C:\Program Files\Common Files, COMSPEC=C:\WINDOWS\system32\cmd.exe, PROCESSOR_REVISION=3c03, CLASSPATH=.:F:\Program Files\Java\jdk1.8.0_161\lib\dt.jar;F:\Program Files\Java\jdk1.8.0_161\lib\tools.jar;F:\Tomcat\apache-tomcat-8.5.20\bin\BIN;, WINDIR=C:\WINDOWS, =F:=F:\, HOMEPATH=\Users\Administrator, TEMP=C:\Users\ADMINI~1\AppData\Local\Temp, HOMEDRIVE=C:, PROCESSOR_IDENTIFIER=Intel64 Family 6 Model 60 Stepping 3, GenuineIntel, USERPROFILE=C:\Users\Administrator, TMP=C:\Users\ADMINI~1\AppData\Local\Temp, PUBLIC=C:\Users\Public, NUMBER_OF_PROCESSORS=4, =::=::\}}]
16:31:31.784 [main] DEBUG org.springframework.core.io.support.PathMatchingResourcePatternResolver - Resolved classpath location [com/zhiyou100/rmlb/] to resources [URL [file:/E:/springboot/rmlb-emall-sbt-parent/rmlb-emall-sbt-manager/rmlb-emall-sbt-service/target/test-classes/com/zhiyou100/rmlb/], URL [file:/E:/springboot/rmlb-emall-sbt-parent/rmlb-emall-sbt-manager/rmlb-emall-sbt-service/target/classes/com/zhiyou100/rmlb/], URL [jar:file:/E:/springboot/rmlb-emall-sbt-parent/rmlb-emall-sbt-manager/rmlb-emall-sbt-dao/target/rmlb-emall-sbt-dao-1.0.0-SNAPSHOT.jar!/com/zhiyou100/rmlb/], URL [jar:file:/E:/maven_4110/com/zhiyou100/rmlb-emall-sbt-common/1.0.0-SNAPSHOT/rmlb-emall-sbt-common-1.0.0-SNAPSHOT.jar!/com/zhiyou100/rmlb/], URL [jar:file:/E:/springboot/rmlb-emall-sbt-parent/rmlb-emall-sbt-manager/rmlb-emall-sbt-api/target/rmlb-emall-sbt-api-1.0.0-SNAPSHOT.jar!/com/zhiyou100/rmlb/], URL [jar:file:/E:/springboot/rmlb-emall-sbt-parent/rmlb-emall-sbt-manager/rmlb-emall-sbt-pojo/target/rmlb-emall-sbt-pojo-1.0.0-SNAPSHOT.jar!/com/zhiyou100/rmlb/]]
16:31:31.785 [main] DEBUG org.springframework.core.io.support.PathMatchingResourcePatternResolver - Looking for matching resources in directory tree [E:\springboot\rmlb-emall-sbt-parent\rmlb-emall-sbt-manager\rmlb-emall-sbt-service\target\test-classes\com\zhiyou100\rmlb]
16:31:31.785 [main] DEBUG org.springframework.core.io.support.PathMatchingResourcePatternResolver - Searching directory [E:\springboot\rmlb-emall-sbt-parent\rmlb-emall-sbt-manager\rmlb-emall-sbt-service\target\test-classes\com\zhiyou100\rmlb] for files matching pattern [E:/springboot/rmlb-emall-sbt-parent/rmlb-emall-sbt-manager/rmlb-emall-sbt-service/target/test-classes/com/zhiyou100/rmlb/*.class]
16:31:31.788 [main] DEBUG org.springframework.core.io.support.PathMatchingResourcePatternResolver - Looking for matching resources in directory tree [E:\springboot\rmlb-emall-sbt-parent\rmlb-emall-sbt-manager\rmlb-emall-sbt-service\target\classes\com\zhiyou100\rmlb]
16:31:31.789 [main] DEBUG org.springframework.core.io.support.PathMatchingResourcePatternResolver - Searching directory [E:\springboot\rmlb-emall-sbt-parent\rmlb-emall-sbt-manager\rmlb-emall-sbt-service\target\classes\com\zhiyou100\rmlb] for files matching pattern [E:/springboot/rmlb-emall-sbt-parent/rmlb-emall-sbt-manager/rmlb-emall-sbt-service/target/classes/com/zhiyou100/rmlb/*.class]
16:31:31.790 [main] DEBUG org.springframework.core.io.support.PathMatchingResourcePatternResolver - Looking for matching resources in jar file [file:/E:/springboot/rmlb-emall-sbt-parent/rmlb-emall-sbt-manager/rmlb-emall-sbt-dao/target/rmlb-emall-sbt-dao-1.0.0-SNAPSHOT.jar]
16:31:31.791 [main] DEBUG org.springframework.core.io.support.PathMatchingResourcePatternResolver - Looking for matching resources in jar file [file:/E:/maven_4110/com/zhiyou100/rmlb-emall-sbt-common/1.0.0-SNAPSHOT/rmlb-emall-sbt-common-1.0.0-SNAPSHOT.jar]
16:31:31.791 [main] DEBUG org.springframework.core.io.support.PathMatchingResourcePatternResolver - Looking for matching resources in jar file [file:/E:/springboot/rmlb-emall-sbt-parent/rmlb-emall-sbt-manager/rmlb-emall-sbt-api/target/rmlb-emall-sbt-api-1.0.0-SNAPSHOT.jar]
16:31:31.794 [main] DEBUG org.springframework.core.io.support.PathMatchingResourcePatternResolver - Looking for matching resources in jar file [file:/E:/springboot/rmlb-emall-sbt-parent/rmlb-emall-sbt-manager/rmlb-emall-sbt-pojo/target/rmlb-emall-sbt-pojo-1.0.0-SNAPSHOT.jar]
16:31:31.796 [main] DEBUG org.springframework.core.io.support.PathMatchingResourcePatternResolver - Resolved location pattern [classpath*:com/zhiyou100/rmlb/*.class] to resources [file [E:\springboot\rmlb-emall-sbt-parent\rmlb-emall-sbt-manager\rmlb-emall-sbt-service\target\test-classes\com\zhiyou100\rmlb\TestMybatis.class], file [E:\springboot\rmlb-emall-sbt-parent\rmlb-emall-sbt-manager\rmlb-emall-sbt-service\target\test-classes\com\zhiyou100\rmlb\TestRedis.class], file [E:\springboot\rmlb-emall-sbt-parent\rmlb-emall-sbt-manager\rmlb-emall-sbt-service\target\classes\com\zhiyou100\rmlb\ManagerServerApplication.class]]
16:31:31.882 [main] DEBUG org.springframework.context.annotation.ClassPathScanningCandidateComponentProvider - Identified candidate component class: file [E:\springboot\rmlb-emall-sbt-parent\rmlb-emall-sbt-manager\rmlb-emall-sbt-service\target\classes\com\zhiyou100\rmlb\ManagerServerApplication.class]
16:31:31.884 [main] INFO org.springframework.boot.test.context.SpringBootTestContextBootstrapper - Found @SpringBootConfiguration com.zhiyou100.rmlb.ManagerServerApplication for test class com.zhiyou100.rmlb.TestMybatis
16:31:32.033 [main] DEBUG org.springframework.boot.test.context.SpringBootTestContextBootstrapper - @TestExecutionListeners is not present for class [com.zhiyou100.rmlb.TestMybatis]: using defaults.
16:31:32.034 [main] INFO org.springframework.boot.test.context.SpringBootTestContextBootstrapper - Loaded default TestExecutionListener class names from location [META-INF/spring.factories]: [org.springframework.boot.test.mock.mockito.MockitoTestExecutionListener, org.springframework.boot.test.mock.mockito.ResetMocksTestExecutionListener, org.springframework.boot.test.autoconfigure.restdocs.RestDocsTestExecutionListener, org.springframework.boot.test.autoconfigure.web.client.MockRestServiceServerResetTestExecutionListener, org.springframework.boot.test.autoconfigure.web.servlet.MockMvcPrintOnlyOnFailureTestExecutionListener, org.springframework.boot.test.autoconfigure.web.servlet.WebDriverTestExecutionListener, org.springframework.test.context.web.ServletTestExecutionListener, org.springframework.test.context.support.DirtiesContextBeforeModesTestExecutionListener, org.springframework.test.context.support.DependencyInjectionTestExecutionListener, org.springframework.test.context.support.DirtiesContextTestExecutionListener, org.springframework.test.context.transaction.TransactionalTestExecutionListener, org.springframework.test.context.jdbc.SqlScriptsTestExecutionListener]
16:31:32.214 [main] INFO org.springframework.boot.test.context.SpringBootTestContextBootstrapper - Using TestExecutionListeners: [org.springframework.test.context.web.ServletTestExecutionListener@6221a451, org.springframework.test.context.support.DirtiesContextBeforeModesTestExecutionListener@52719fb6, org.springframework.boot.test.mock.mockito.MockitoTestExecutionListener@3012646b, org.springframework.boot.test.autoconfigure.SpringBootDependencyInjectionTestExecutionListener@4a883b15, org.springframework.test.context.support.DirtiesContextTestExecutionListener@25641d39, org.springframework.test.context.transaction.TransactionalTestExecutionListener@7b36aa0c, org.springframework.test.context.jdbc.SqlScriptsTestExecutionListener@5824a83d, org.springframework.boot.test.mock.mockito.ResetMocksTestExecutionListener@537f60bf, org.springframework.boot.test.autoconfigure.restdocs.RestDocsTestExecutionListener@5677323c, org.springframework.boot.test.autoconfigure.web.client.MockRestServiceServerResetTestExecutionListener@18df8434, org.springframework.boot.test.autoconfigure.web.servlet.MockMvcPrintOnlyOnFailureTestExecutionListener@65c7a252, org.springframework.boot.test.autoconfigure.web.servlet.WebDriverTestExecutionListener@4d154ccd]
16:31:32.216 [main] DEBUG org.springframework.test.annotation.ProfileValueUtils - Retrieved @ProfileValueSourceConfiguration [null] for test class [com.zhiyou100.rmlb.TestMybatis]
16:31:32.217 [main] DEBUG org.springframework.test.annotation.ProfileValueUtils - Retrieved ProfileValueSource type [class org.springframework.test.annotation.SystemProfileValueSource] for class [com.zhiyou100.rmlb.TestMybatis]
16:31:32.226 [main] DEBUG org.springframework.test.annotation.ProfileValueUtils - Retrieved @ProfileValueSourceConfiguration [null] for test class [com.zhiyou100.rmlb.TestMybatis]
16:31:32.227 [main] DEBUG org.springframework.test.annotation.ProfileValueUtils - Retrieved ProfileValueSource type [class org.springframework.test.annotation.SystemProfileValueSource] for class [com.zhiyou100.rmlb.TestMybatis]
16:31:32.228 [main] DEBUG org.springframework.test.annotation.ProfileValueUtils - Retrieved @ProfileValueSourceConfiguration [null] for test class [com.zhiyou100.rmlb.TestMybatis]
16:31:32.228 [main] DEBUG org.springframework.test.annotation.ProfileValueUtils - Retrieved ProfileValueSource type [class org.springframework.test.annotation.SystemProfileValueSource] for class [com.zhiyou100.rmlb.TestMybatis]
16:31:32.241 [main] DEBUG org.springframework.test.context.support.AbstractDirtiesContextTestExecutionListener - Before test class: context [DefaultTestContext@2e385cce testClass = TestMybatis, testInstance = [null], testMethod = [null], testException = [null], mergedContextConfiguration = [WebMergedContextConfiguration@2ddc9a9f testClass = TestMybatis, locations = '{}', classes = '{class com.zhiyou100.rmlb.ManagerServerApplication}', contextInitializerClasses = '[]', activeProfiles = '{}', propertySourceLocations = '{}', propertySourceProperties = '{org.springframework.boot.test.context.SpringBootTestContextBootstrapper=true}', contextCustomizers = set[org.springframework.boot.test.context.filter.ExcludeFilterContextCustomizer@3ffcd140, org.springframework.boot.test.json.DuplicateJsonObjectContextCustomizerFactory$DuplicateJsonObjectContextCustomizer@120d6fe6, org.springframework.boot.test.mock.mockito.MockitoContextCustomizer@0, org.springframework.boot.test.web.client.TestRestTemplateContextCustomizer@146044d7, org.springframework.boot.test.autoconfigure.properties.PropertyMappingContextCustomizer@0, org.springframework.boot.test.autoconfigure.web.servlet.WebDriverContextCustomizerFactory$Customizer@58c1c010], resourceBasePath = 'src/main/webapp', contextLoader = 'org.springframework.boot.test.context.SpringBootContextLoader', parent = [null]], attributes = map['org.springframework.test.context.web.ServletTestExecutionListener.activateListener' -> true]], class annotated with @DirtiesContext [false] with mode [null].
16:31:32.242 [main] DEBUG org.springframework.test.annotation.ProfileValueUtils - Retrieved @ProfileValueSourceConfiguration [null] for test class [com.zhiyou100.rmlb.TestMybatis]
16:31:32.243 [main] DEBUG org.springframework.test.annotation.ProfileValueUtils - Retrieved ProfileValueSource type [class org.springframework.test.annotation.SystemProfileValueSource] for class [com.zhiyou100.rmlb.TestMybatis]
16:31:32.283 [main] DEBUG org.springframework.core.env.StandardEnvironment - Adding PropertySource 'systemProperties' with lowest search precedence
16:31:32.284 [main] DEBUG org.springframework.core.env.StandardEnvironment - Adding PropertySource 'systemEnvironment' with lowest search precedence
16:31:32.286 [main] DEBUG org.springframework.core.env.StandardEnvironment - Initialized StandardEnvironment with PropertySources [MapPropertySource@1208442275 {name='systemProperties', properties={java.runtime.name=Java(TM) SE Runtime Environment, sun.boot.library.path=F:\Program Files\Java\jdk1.8.0_161\jre\bin, java.vm.version=25.161-b12, java.vm.vendor=Oracle Corporation, java.vendor.url=http://java.oracle.com/, path.separator=;, java.vm.name=Java HotSpot(TM) 64-Bit Server VM, file.encoding.pkg=sun.io, user.country=CN, user.script=, sun.java.launcher=SUN_STANDARD, sun.os.patch.level=, java.vm.specification.name=Java Virtual Machine Specification, user.dir=E:\springboot\rmlb-emall-sbt-parent\rmlb-emall-sbt-manager\rmlb-emall-sbt-service, java.runtime.version=1.8.0_161-b12, basedir=E:\springboot\rmlb-emall-sbt-parent\rmlb-emall-sbt-manager\rmlb-emall-sbt-service, java.awt.graphicsenv=sun.awt.Win32GraphicsEnvironment, java.endorsed.dirs=F:\Program Files\Java\jdk1.8.0_161\jre\lib\endorsed, os.arch=amd64, surefire.real.class.path=C:\Users\ADMINI~1\AppData\Local\Temp\surefire1291282583231692414\surefirebooter3508340288702369608.jar, java.io.tmpdir=C:\Users\ADMINI~1\AppData\Local\Temp\, line.separator=
, java.vm.specification.vendor=Oracle Corporation, user.variant=, os.name=Windows 10, sun.jnu.encoding=GBK, java.library.path=F:\Program Files\Java\jdk1.8.0_161\jre\bin;C:\WINDOWS\Sun\Java\bin;C:\WINDOWS\system32;C:\WINDOWS;F:/Program Files/Java/jdk1.8.0_161/bin/../jre/bin/server;F:/Program Files/Java/jdk1.8.0_161/bin/../jre/bin;F:/Program Files/Java/jdk1.8.0_161/bin/../jre/lib/amd64;C:\WINDOWS\system32;C:\WINDOWS;C:\WINDOWS\System32\Wbem;C:\WINDOWS\System32\WindowsPowerShell\v1.0\;F:\Program Files\Java\jdk1.8.0_161\bin;C:\Program Files\MySQL\MySQL Utilities 1.6\;F:\Program Files\apache-maven-3.5.3-bin\apache-maven-3.5.3\bin;C:\WINDOWS\System32\OpenSSH\;F:\SVN\VisualSVN Server\bin;F:\Program Files\TortoiseSVN\bin;E:\Program Files\Git\cmd;C:\Users\Administrator\AppData\Local\Microsoft\WindowsApps;;C:\Users\Administrator\Desktop;;., surefire.test.class.path=E:\springboot\rmlb-emall-sbt-parent\rmlb-emall-sbt-manager\rmlb-emall-sbt-service\target\test-classes;E:\springboot\rmlb-emall-sbt-parent\rmlb-emall-sbt-manager\rmlb-emall-sbt-service\target\classes;E:\springboot\rmlb-emall-sbt-parent\rmlb-emall-sbt-manager\rmlb-emall-sbt-dao\target\rmlb-emall-sbt-dao-1.0.0-SNAPSHOT.jar;E:\maven_4110\com\zhiyou100\rmlb-emall-sbt-common\1.0.0-SNAPSHOT\rmlb-emall-sbt-common-1.0.0-SNAPSHOT.jar;E:\maven_4110\com\fasterxml\jackson\core\jackson-databind\2.9.6\jackson-databind-2.9.6.jar;E:\maven_4110\com\fasterxml\jackson\core\jackson-annotations\2.9.0\jackson-annotations-2.9.0.jar;E:\maven_4110\org\csource\fastdfs-client-java\1.27-SNAPSHOT\fastdfs-client-java-1.27-SNAPSHOT.jar;E:\maven_4110\org\mybatis\mybatis\3.4.6\mybatis-3.4.6.jar;E:\maven_4110\org\mybatis\mybatis-spring\1.3.2\mybatis-spring-1.3.2.jar;E:\maven_4110\com\github\miemiedev\mybatis-paginator\1.2.17\mybatis-paginator-1.2.17.jar;E:\maven_4110\org\slf4j\slf4j-api\1.7.25\slf4j-api-1.7.25.jar;E:\maven_4110\com\github\pagehelper\pagehelper\5.1.4\pagehelper-5.1.4.jar;E:\maven_4110\com\github\jsqlparser\jsqlparser\1.0\jsqlparser-1.0.jar;E:\maven_4110\com\alibaba\druid\1.1.10\druid-1.1.10.jar;E:\springboot\rmlb-emall-sbt-parent\rmlb-emall-sbt-manager\rmlb-emall-sbt-api\target\rmlb-emall-sbt-api-1.0.0-SNAPSHOT.jar;E:\springboot\rmlb-emall-sbt-parent\rmlb-emall-sbt-manager\rmlb-emall-sbt-pojo\target\rmlb-emall-sbt-pojo-1.0.0-SNAPSHOT.jar;E:\maven_4110\org\springframework\boot\spring-boot-starter-web\2.0.3.RELEASE\spring-boot-starter-web-2.0.3.RELEASE.jar;E:\maven_4110\org\springframework\boot\spring-boot-starter\2.0.3.RELEASE\spring-boot-starter-2.0.3.RELEASE.jar;E:\maven_4110\org\springframework\boot\spring-boot\2.0.3.RELEASE\spring-boot-2.0.3.RELEASE.jar;E:\maven_4110\javax\annotation\javax.annotation-api\1.3.2\javax.annotation-api-1.3.2.jar;E:\maven_4110\org\springframework\boot\spring-boot-starter-json\2.0.3.RELEASE\spring-boot-starter-json-2.0.3.RELEASE.jar;E:\maven_4110\com\fasterxml\jackson\datatype\jackson-datatype-jdk8\2.9.6\jackson-datatype-jdk8-2.9.6.jar;E:\maven_4110\com\fasterxml\jackson\datatype\jackson-datatype-jsr310\2.9.6\jackson-datatype-jsr310-2.9.6.jar;E:\maven_4110\com\fasterxml\jackson\module\jackson-module-parameter-names\2.9.6\jackson-module-parameter-names-2.9.6.jar;E:\maven_4110\org\springframework\boot\spring-boot-starter-tomcat\2.0.3.RELEASE\spring-boot-starter-tomcat-2.0.3.RELEASE.jar;E:\maven_4110\org\apache\tomcat\embed\tomcat-embed-core\8.5.31\tomcat-embed-core-8.5.31.jar;E:\maven_4110\org\apache\tomcat\embed\tomcat-embed-websocket\8.5.31\tomcat-embed-websocket-8.5.31.jar;E:\maven_4110\org\hibernate\validator\hibernate-validator\6.0.10.Final\hibernate-validator-6.0.10.Final.jar;E:\maven_4110\javax\validation\validation-api\2.0.1.Final\validation-api-2.0.1.Final.jar;E:\maven_4110\org\jboss\logging\jboss-logging\3.3.2.Final\jboss-logging-3.3.2.Final.jar;E:\maven_4110\com\fasterxml\classmate\1.3.4\classmate-1.3.4.jar;E:\maven_4110\org\springframework\spring-web\5.0.7.RELEASE\spring-web-5.0.7.RELEASE.jar;E:\maven_4110\org\springframework\spring-beans\5.0.7.RELEASE\spring-beans-5.0.7.RELEASE.jar;E:\maven_4110\org\springframework\spring-webmvc\5.0.7.RELEASE\spring-webmvc-5.0.7.RELEASE.jar;E:\maven_4110\org\springframework\spring-aop\5.0.7.RELEASE\spring-aop-5.0.7.RELEASE.jar;E:\maven_4110\org\springframework\spring-expression\5.0.7.RELEASE\spring-expression-5.0.7.RELEASE.jar;E:\maven_4110\org\springframework\boot\spring-boot-starter-test\2.0.3.RELEASE\spring-boot-starter-test-2.0.3.RELEASE.jar;E:\maven_4110\org\springframework\boot\spring-boot-test\2.0.3.RELEASE\spring-boot-test-2.0.3.RELEASE.jar;E:\maven_4110\org\springframework\boot\spring-boot-test-autoconfigure\2.0.3.RELEASE\spring-boot-test-autoconfigure-2.0.3.RELEASE.jar;E:\maven_4110\com\jayway\jsonpath\json-path\2.4.0\json-path-2.4.0.jar;E:\maven_4110\net\minidev\json-smart\2.3\json-smart-2.3.jar;E:\maven_4110\net\minidev\accessors-smart\1.2\accessors-smart-1.2.jar;E:\maven_4110\org\ow2\asm\asm\5.0.4\asm-5.0.4.jar;E:\maven_4110\junit\junit\4.12\junit-4.12.jar;E:\maven_4110\org\assertj\assertj-core\3.9.1\assertj-core-3.9.1.jar;E:\maven_4110\org\mockito\mockito-core\2.15.0\mockito-core-2.15.0.jar;E:\maven_4110\net\bytebuddy\byte-buddy\1.7.11\byte-buddy-1.7.11.jar;E:\maven_4110\net\bytebuddy\byte-buddy-agent\1.7.11\byte-buddy-agent-1.7.11.jar;E:\maven_4110\org\objenesis\objenesis\2.6\objenesis-2.6.jar;E:\maven_4110\org\hamcrest\hamcrest-core\1.3\hamcrest-core-1.3.jar;E:\maven_4110\org\hamcrest\hamcrest-library\1.3\hamcrest-library-1.3.jar;E:\maven_4110\org\skyscreamer\jsonassert\1.5.0\jsonassert-1.5.0.jar;E:\maven_4110\com\vaadin\external\google\android-json\0.0.20131108.vaadin1\android-json-0.0.20131108.vaadin1.jar;E:\maven_4110\org\springframework\spring-core\5.0.7.RELEASE\spring-core-5.0.7.RELEASE.jar;E:\maven_4110\org\springframework\spring-jcl\5.0.7.RELEASE\spring-jcl-5.0.7.RELEASE.jar;E:\maven_4110\org\springframework\spring-test\5.0.7.RELEASE\spring-test-5.0.7.RELEASE.jar;E:\maven_4110\org\xmlunit\xmlunit-core\2.5.1\xmlunit-core-2.5.1.jar;E:\maven_4110\org\springframework\boot\spring-boot-configuration-processor\2.0.3.RELEASE\spring-boot-configuration-processor-2.0.3.RELEASE.jar;E:\maven_4110\org\springframework\boot\spring-boot-starter-validation\2.0.3.RELEASE\spring-boot-starter-validation-2.0.3.RELEASE.jar;E:\maven_4110\org\apache\tomcat\embed\tomcat-embed-el\8.5.31\tomcat-embed-el-8.5.31.jar;E:\maven_4110\mysql\mysql-connector-java\5.1.46\mysql-connector-java-5.1.46.jar;E:\maven_4110\org\springframework\boot\spring-boot-starter-cache\2.0.3.RELEASE\spring-boot-starter-cache-2.0.3.RELEASE.jar;E:\maven_4110\org\springframework\spring-context\5.0.7.RELEASE\spring-context-5.0.7.RELEASE.jar;E:\maven_4110\org\springframework\spring-context-support\5.0.7.RELEASE\spring-context-support-5.0.7.RELEASE.jar;E:\maven_4110\org\springframework\boot\spring-boot-starter-data-redis\2.0.3.RELEASE\spring-boot-starter-data-redis-2.0.3.RELEASE.jar;E:\maven_4110\org\springframework\data\spring-data-redis\2.0.8.RELEASE\spring-data-redis-2.0.8.RELEASE.jar;E:\maven_4110\org\springframework\data\spring-data-keyvalue\2.0.8.RELEASE\spring-data-keyvalue-2.0.8.RELEASE.jar;E:\maven_4110\org\springframework\data\spring-data-commons\2.0.8.RELEASE\spring-data-commons-2.0.8.RELEASE.jar;E:\maven_4110\org\springframework\spring-tx\5.0.7.RELEASE\spring-tx-5.0.7.RELEASE.jar;E:\maven_4110\org\springframework\spring-oxm\5.0.7.RELEASE\spring-oxm-5.0.7.RELEASE.jar;E:\maven_4110\io\lettuce\lettuce-core\5.0.4.RELEASE\lettuce-core-5.0.4.RELEASE.jar;E:\maven_4110\io\projectreactor\reactor-core\3.1.8.RELEASE\reactor-core-3.1.8.RELEASE.jar;E:\maven_4110\org\reactivestreams\reactive-streams\1.0.2\reactive-streams-1.0.2.jar;E:\maven_4110\io\netty\netty-common\4.1.25.Final\netty-common-4.1.25.Final.jar;E:\maven_4110\io\netty\netty-transport\4.1.25.Final\netty-transport-4.1.25.Final.jar;E:\maven_4110\io\netty\netty-buffer\4.1.25.Final\netty-buffer-4.1.25.Final.jar;E:\maven_4110\io\netty\netty-resolver\4.1.25.Final\netty-resolver-4.1.25.Final.jar;E:\maven_4110\io\netty\netty-handler\4.1.25.Final\netty-handler-4.1.25.Final.jar;E:\maven_4110\io\netty\netty-codec\4.1.25.Final\netty-codec-4.1.25.Final.jar;E:\maven_4110\org\apache\commons\commons-pool2\2.5.0\commons-pool2-2.5.0.jar;E:\maven_4110\org\mybatis\spring\boot\mybatis-spring-boot-starter\1.3.2\mybatis-spring-boot-starter-1.3.2.jar;E:\maven_4110\org\springframework\boot\spring-boot-starter-jdbc\2.0.3.RELEASE\spring-boot-starter-jdbc-2.0.3.RELEASE.jar;E:\maven_4110\com\zaxxer\HikariCP\2.7.9\HikariCP-2.7.9.jar;E:\maven_4110\org\springframework\spring-jdbc\5.0.7.RELEASE\spring-jdbc-5.0.7.RELEASE.jar;E:\maven_4110\org\mybatis\spring\boot\mybatis-spring-boot-autoconfigure\1.3.2\mybatis-spring-boot-autoconfigure-1.3.2.jar;E:\maven_4110\com\alibaba\druid-spring-boot-starter\1.1.10\druid-spring-boot-starter-1.1.10.jar;E:\maven_4110\org\springframework\boot\spring-boot-autoconfigure\2.0.3.RELEASE\spring-boot-autoconfigure-2.0.3.RELEASE.jar;E:\maven_4110\com\github\pagehelper\pagehelper-spring-boot-starter\1.2.5\pagehelper-spring-boot-starter-1.2.5.jar;E:\maven_4110\com\github\pagehelper\pagehelper-spring-boot-autoconfigure\1.2.5\pagehelper-spring-boot-autoconfigure-1.2.5.jar;E:\maven_4110\com\gitee\reger\spring-boot-starter-dubbo\1.1.1\spring-boot-starter-dubbo-1.1.1.jar;E:\maven_4110\org\slf4j\log4j-over-slf4j\1.7.25\log4j-over-slf4j-1.7.25.jar;E:\maven_4110\org\springframework\boot\spring-boot-starter-logging\2.0.3.RELEASE\spring-boot-starter-logging-2.0.3.RELEASE.jar;E:\maven_4110\ch\qos\logback\logback-classic\1.2.3\logback-classic-1.2.3.jar;E:\maven_4110\ch\qos\logback\logback-core\1.2.3\logback-core-1.2.3.jar;E:\maven_4110\org\apache\logging\log4j\log4j-to-slf4j\2.10.0\log4j-to-slf4j-2.10.0.jar;E:\maven_4110\com\101tec\zkclient\0.5\zkclient-0.5.jar;E:\maven_4110\org\apache\zookeeper\zookeeper\3.4.3\zookeeper-3.4.3.jar;E:\maven_4110\jline\jline\0.9.94\jline-0.9.94.jar;E:\maven_4110\com\alibaba\dubbo\2.5.10\dubbo-2.5.10.jar;E:\maven_4110\org\javassist\javassist\3.20.0-GA\javassist-3.20.0-GA.jar;E:\maven_4110\org\jboss\netty\netty\3.2.5.Final\netty-3.2.5.Final.jar;E:\maven_4110\org\springframework\boot\spring-boot-starter-log4j2\2.0.3.RELEASE\spring-boot-starter-log4j2-2.0.3.RELEASE.jar;E:\maven_4110\org\apache\logging\log4j\log4j-core\2.10.0\log4j-core-2.10.0.jar;E:\maven_4110\org\apache\logging\log4j\log4j-api\2.10.0\log4j-api-2.10.0.jar;E:\maven_4110\org\apache\logging\log4j\log4j-jul\2.10.0\log4j-jul-2.10.0.jar;E:\maven_4110\org\slf4j\jul-to-slf4j\1.7.25\jul-to-slf4j-1.7.25.jar;E:\maven_4110\com\fasterxml\jackson\dataformat\jackson-dataformat-yaml\2.9.6\jackson-dataformat-yaml-2.9.6.jar;E:\maven_4110\org\yaml\snakeyaml\1.19\snakeyaml-1.19.jar;E:\maven_4110\com\fasterxml\jackson\core\jackson-core\2.9.6\jackson-core-2.9.6.jar;, java.specification.name=Java Platform API Specification, java.class.version=52.0, sun.management.compiler=HotSpot 64-Bit Tiered Compilers, os.version=10.0, user.home=C:\Users\Administrator, user.timezone=Asia/Shanghai, java.awt.printerjob=sun.awt.windows.WPrinterJob, file.encoding=GBK, java.specification.version=1.8, java.class.path=E:\springboot\rmlb-emall-sbt-parent\rmlb-emall-sbt-manager\rmlb-emall-sbt-service\target\test-classes;E:\springboot\rmlb-emall-sbt-parent\rmlb-emall-sbt-manager\rmlb-emall-sbt-service\target\classes;E:\springboot\rmlb-emall-sbt-parent\rmlb-emall-sbt-manager\rmlb-emall-sbt-dao\target\rmlb-emall-sbt-dao-1.0.0-SNAPSHOT.jar;E:\maven_4110\com\zhiyou100\rmlb-emall-sbt-common\1.0.0-SNAPSHOT\rmlb-emall-sbt-common-1.0.0-SNAPSHOT.jar;E:\maven_4110\com\fasterxml\jackson\core\jackson-databind\2.9.6\jackson-databind-2.9.6.jar;E:\maven_4110\com\fasterxml\jackson\core\jackson-annotations\2.9.0\jackson-annotations-2.9.0.jar;E:\maven_4110\org\csource\fastdfs-client-java\1.27-SNAPSHOT\fastdfs-client-java-1.27-SNAPSHOT.jar;E:\maven_4110\org\mybatis\mybatis\3.4.6\mybatis-3.4.6.jar;E:\maven_4110\org\mybatis\mybatis-spring\1.3.2\mybatis-spring-1.3.2.jar;E:\maven_4110\com\github\miemiedev\mybatis-paginator\1.2.17\mybatis-paginator-1.2.17.jar;E:\maven_4110\org\slf4j\slf4j-api\1.7.25\slf4j-api-1.7.25.jar;E:\maven_4110\com\github\pagehelper\pagehelper\5.1.4\pagehelper-5.1.4.jar;E:\maven_4110\com\github\jsqlparser\jsqlparser\1.0\jsqlparser-1.0.jar;E:\maven_4110\com\alibaba\druid\1.1.10\druid-1.1.10.jar;E:\springboot\rmlb-emall-sbt-parent\rmlb-emall-sbt-manager\rmlb-emall-sbt-api\target\rmlb-emall-sbt-api-1.0.0-SNAPSHOT.jar;E:\springboot\rmlb-emall-sbt-parent\rmlb-emall-sbt-manager\rmlb-emall-sbt-pojo\target\rmlb-emall-sbt-pojo-1.0.0-SNAPSHOT.jar;E:\maven_4110\org\springframework\boot\spring-boot-starter-web\2.0.3.RELEASE\spring-boot-starter-web-2.0.3.RELEASE.jar;E:\maven_4110\org\springframework\boot\spring-boot-starter\2.0.3.RELEASE\spring-boot-starter-2.0.3.RELEASE.jar;E:\maven_4110\org\springframework\boot\spring-boot\2.0.3.RELEASE\spring-boot-2.0.3.RELEASE.jar;E:\maven_4110\javax\annotation\javax.annotation-api\1.3.2\javax.annotation-api-1.3.2.jar;E:\maven_4110\org\springframework\boot\spring-boot-starter-json\2.0.3.RELEASE\spring-boot-starter-json-2.0.3.RELEASE.jar;E:\maven_4110\com\fasterxml\jackson\datatype\jackson-datatype-jdk8\2.9.6\jackson-datatype-jdk8-2.9.6.jar;E:\maven_4110\com\fasterxml\jackson\datatype\jackson-datatype-jsr310\2.9.6\jackson-datatype-jsr310-2.9.6.jar;E:\maven_4110\com\fasterxml\jackson\module\jackson-module-parameter-names\2.9.6\jackson-module-parameter-names-2.9.6.jar;E:\maven_4110\org\springframework\boot\spring-boot-starter-tomcat\2.0.3.RELEASE\spring-boot-starter-tomcat-2.0.3.RELEASE.jar;E:\maven_4110\org\apache\tomcat\embed\tomcat-embed-core\8.5.31\tomcat-embed-core-8.5.31.jar;E:\maven_4110\org\apache\tomcat\embed\tomcat-embed-websocket\8.5.31\tomcat-embed-websocket-8.5.31.jar;E:\maven_4110\org\hibernate\validator\hibernate-validator\6.0.10.Final\hibernate-validator-6.0.10.Final.jar;E:\maven_4110\javax\validation\validation-api\2.0.1.Final\validation-api-2.0.1.Final.jar;E:\maven_4110\org\jboss\logging\jboss-logging\3.3.2.Final\jboss-logging-3.3.2.Final.jar;E:\maven_4110\com\fasterxml\classmate\1.3.4\classmate-1.3.4.jar;E:\maven_4110\org\springframework\spring-web\5.0.7.RELEASE\spring-web-5.0.7.RELEASE.jar;E:\maven_4110\org\springframework\spring-beans\5.0.7.RELEASE\spring-beans-5.0.7.RELEASE.jar;E:\maven_4110\org\springframework\spring-webmvc\5.0.7.RELEASE\spring-webmvc-5.0.7.RELEASE.jar;E:\maven_4110\org\springframework\spring-aop\5.0.7.RELEASE\spring-aop-5.0.7.RELEASE.jar;E:\maven_4110\org\springframework\spring-expression\5.0.7.RELEASE\spring-expression-5.0.7.RELEASE.jar;E:\maven_4110\org\springframework\boot\spring-boot-starter-test\2.0.3.RELEASE\spring-boot-starter-test-2.0.3.RELEASE.jar;E:\maven_4110\org\springframework\boot\spring-boot-test\2.0.3.RELEASE\spring-boot-test-2.0.3.RELEASE.jar;E:\maven_4110\org\springframework\boot\spring-boot-test-autoconfigure\2.0.3.RELEASE\spring-boot-test-autoconfigure-2.0.3.RELEASE.jar;E:\maven_4110\com\jayway\jsonpath\json-path\2.4.0\json-path-2.4.0.jar;E:\maven_4110\net\minidev\json-smart\2.3\json-smart-2.3.jar;E:\maven_4110\net\minidev\accessors-smart\1.2\accessors-smart-1.2.jar;E:\maven_4110\org\ow2\asm\asm\5.0.4\asm-5.0.4.jar;E:\maven_4110\junit\junit\4.12\junit-4.12.jar;E:\maven_4110\org\assertj\assertj-core\3.9.1\assertj-core-3.9.1.jar;E:\maven_4110\org\mockito\mockito-core\2.15.0\mockito-core-2.15.0.jar;E:\maven_4110\net\bytebuddy\byte-buddy\1.7.11\byte-buddy-1.7.11.jar;E:\maven_4110\net\bytebuddy\byte-buddy-agent\1.7.11\byte-buddy-agent-1.7.11.jar;E:\maven_4110\org\objenesis\objenesis\2.6\objenesis-2.6.jar;E:\maven_4110\org\hamcrest\hamcrest-core\1.3\hamcrest-core-1.3.jar;E:\maven_4110\org\hamcrest\hamcrest-library\1.3\hamcrest-library-1.3.jar;E:\maven_4110\org\skyscreamer\jsonassert\1.5.0\jsonassert-1.5.0.jar;E:\maven_4110\com\vaadin\external\google\android-json\0.0.20131108.vaadin1\android-json-0.0.20131108.vaadin1.jar;E:\maven_4110\org\springframework\spring-core\5.0.7.RELEASE\spring-core-5.0.7.RELEASE.jar;E:\maven_4110\org\springframework\spring-jcl\5.0.7.RELEASE\spring-jcl-5.0.7.RELEASE.jar;E:\maven_4110\org\springframework\spring-test\5.0.7.RELEASE\spring-test-5.0.7.RELEASE.jar;E:\maven_4110\org\xmlunit\xmlunit-core\2.5.1\xmlunit-core-2.5.1.jar;E:\maven_4110\org\springframework\boot\spring-boot-configuration-processor\2.0.3.RELEASE\spring-boot-configuration-processor-2.0.3.RELEASE.jar;E:\maven_4110\org\springframework\boot\spring-boot-starter-validation\2.0.3.RELEASE\spring-boot-starter-validation-2.0.3.RELEASE.jar;E:\maven_4110\org\apache\tomcat\embed\tomcat-embed-el\8.5.31\tomcat-embed-el-8.5.31.jar;E:\maven_4110\mysql\mysql-connector-java\5.1.46\mysql-connector-java-5.1.46.jar;E:\maven_4110\org\springframework\boot\spring-boot-starter-cache\2.0.3.RELEASE\spring-boot-starter-cache-2.0.3.RELEASE.jar;E:\maven_4110\org\springframework\spring-context\5.0.7.RELEASE\spring-context-5.0.7.RELEASE.jar;E:\maven_4110\org\springframework\spring-context-support\5.0.7.RELEASE\spring-context-support-5.0.7.RELEASE.jar;E:\maven_4110\org\springframework\boot\spring-boot-starter-data-redis\2.0.3.RELEASE\spring-boot-starter-data-redis-2.0.3.RELEASE.jar;E:\maven_4110\org\springframework\data\spring-data-redis\2.0.8.RELEASE\spring-data-redis-2.0.8.RELEASE.jar;E:\maven_4110\org\springframework\data\spring-data-keyvalue\2.0.8.RELEASE\spring-data-keyvalue-2.0.8.RELEASE.jar;E:\maven_4110\org\springframework\data\spring-data-commons\2.0.8.RELEASE\spring-data-commons-2.0.8.RELEASE.jar;E:\maven_4110\org\springframework\spring-tx\5.0.7.RELEASE\spring-tx-5.0.7.RELEASE.jar;E:\maven_4110\org\springframework\spring-oxm\5.0.7.RELEASE\spring-oxm-5.0.7.RELEASE.jar;E:\maven_4110\io\lettuce\lettuce-core\5.0.4.RELEASE\lettuce-core-5.0.4.RELEASE.jar;E:\maven_4110\io\projectreactor\reactor-core\3.1.8.RELEASE\reactor-core-3.1.8.RELEASE.jar;E:\maven_4110\org\reactivestreams\reactive-streams\1.0.2\reactive-streams-1.0.2.jar;E:\maven_4110\io\netty\netty-common\4.1.25.Final\netty-common-4.1.25.Final.jar;E:\maven_4110\io\netty\netty-transport\4.1.25.Final\netty-transport-4.1.25.Final.jar;E:\maven_4110\io\netty\netty-buffer\4.1.25.Final\netty-buffer-4.1.25.Final.jar;E:\maven_4110\io\netty\netty-resolver\4.1.25.Final\netty-resolver-4.1.25.Final.jar;E:\maven_4110\io\netty\netty-handler\4.1.25.Final\netty-handler-4.1.25.Final.jar;E:\maven_4110\io\netty\netty-codec\4.1.25.Final\netty-codec-4.1.25.Final.jar;E:\maven_4110\org\apache\commons\commons-pool2\2.5.0\commons-pool2-2.5.0.jar;E:\maven_4110\org\mybatis\spring\boot\mybatis-spring-boot-starter\1.3.2\mybatis-spring-boot-starter-1.3.2.jar;E:\maven_4110\org\springframework\boot\spring-boot-starter-jdbc\2.0.3.RELEASE\spring-boot-starter-jdbc-2.0.3.RELEASE.jar;E:\maven_4110\com\zaxxer\HikariCP\2.7.9\HikariCP-2.7.9.jar;E:\maven_4110\org\springframework\spring-jdbc\5.0.7.RELEASE\spring-jdbc-5.0.7.RELEASE.jar;E:\maven_4110\org\mybatis\spring\boot\mybatis-spring-boot-autoconfigure\1.3.2\mybatis-spring-boot-autoconfigure-1.3.2.jar;E:\maven_4110\com\alibaba\druid-spring-boot-starter\1.1.10\druid-spring-boot-starter-1.1.10.jar;E:\maven_4110\org\springframework\boot\spring-boot-autoconfigure\2.0.3.RELEASE\spring-boot-autoconfigure-2.0.3.RELEASE.jar;E:\maven_4110\com\github\pagehelper\pagehelper-spring-boot-starter\1.2.5\pagehelper-spring-boot-starter-1.2.5.jar;E:\maven_4110\com\github\pagehelper\pagehelper-spring-boot-autoconfigure\1.2.5\pagehelper-spring-boot-autoconfigure-1.2.5.jar;E:\maven_4110\com\gitee\reger\spring-boot-starter-dubbo\1.1.1\spring-boot-starter-dubbo-1.1.1.jar;E:\maven_4110\org\slf4j\log4j-over-slf4j\1.7.25\log4j-over-slf4j-1.7.25.jar;E:\maven_4110\org\springframework\boot\spring-boot-starter-logging\2.0.3.RELEASE\spring-boot-starter-logging-2.0.3.RELEASE.jar;E:\maven_4110\ch\qos\logback\logback-classic\1.2.3\logback-classic-1.2.3.jar;E:\maven_4110\ch\qos\logback\logback-core\1.2.3\logback-core-1.2.3.jar;E:\maven_4110\org\apache\logging\log4j\log4j-to-slf4j\2.10.0\log4j-to-slf4j-2.10.0.jar;E:\maven_4110\com\101tec\zkclient\0.5\zkclient-0.5.jar;E:\maven_4110\org\apache\zookeeper\zookeeper\3.4.3\zookeeper-3.4.3.jar;E:\maven_4110\jline\jline\0.9.94\jline-0.9.94.jar;E:\maven_4110\com\alibaba\dubbo\2.5.10\dubbo-2.5.10.jar;E:\maven_4110\org\javassist\javassist\3.20.0-GA\javassist-3.20.0-GA.jar;E:\maven_4110\org\jboss\netty\netty\3.2.5.Final\netty-3.2.5.Final.jar;E:\maven_4110\org\springframework\boot\spring-boot-starter-log4j2\2.0.3.RELEASE\spring-boot-starter-log4j2-2.0.3.RELEASE.jar;E:\maven_4110\org\apache\logging\log4j\log4j-core\2.10.0\log4j-core-2.10.0.jar;E:\maven_4110\org\apache\logging\log4j\log4j-api\2.10.0\log4j-api-2.10.0.jar;E:\maven_4110\org\apache\logging\log4j\log4j-jul\2.10.0\log4j-jul-2.10.0.jar;E:\maven_4110\org\slf4j\jul-to-slf4j\1.7.25\jul-to-slf4j-1.7.25.jar;E:\maven_4110\com\fasterxml\jackson\dataformat\jackson-dataformat-yaml\2.9.6\jackson-dataformat-yaml-2.9.6.jar;E:\maven_4110\org\yaml\snakeyaml\1.19\snakeyaml-1.19.jar;E:\maven_4110\com\fasterxml\jackson\core\jackson-core\2.9.6\jackson-core-2.9.6.jar;, user.name=Administrator, java.vm.specification.version=1.8, sun.java.command=C:\Users\ADMINI~1\AppData\Local\Temp\surefire1291282583231692414\surefirebooter3508340288702369608.jar C:\Users\Administrator\AppData\Local\Temp\surefire1291282583231692414 2018-08-24T16-31-30_512-jvmRun1 surefire346430608352048186tmp surefire_046934541134317506tmp, java.home=F:\Program Files\Java\jdk1.8.0_161\jre, sun.arch.data.model=64, user.language=zh, java.specification.vendor=Oracle Corporation, awt.toolkit=sun.awt.windows.WToolkit, java.vm.info=mixed mode, java.version=1.8.0_161, java.ext.dirs=F:\Program Files\Java\jdk1.8.0_161\jre\lib\ext;C:\WINDOWS\Sun\Java\lib\ext, sun.boot.class.path=F:\Program Files\Java\jdk1.8.0_161\jre\lib\resources.jar;F:\Program Files\Java\jdk1.8.0_161\jre\lib\rt.jar;F:\Program Files\Java\jdk1.8.0_161\jre\lib\sunrsasign.jar;F:\Program Files\Java\jdk1.8.0_161\jre\lib\jsse.jar;F:\Program Files\Java\jdk1.8.0_161\jre\lib\jce.jar;F:\Program Files\Java\jdk1.8.0_161\jre\lib\charsets.jar;F:\Program Files\Java\jdk1.8.0_161\jre\lib\jfr.jar;F:\Program Files\Java\jdk1.8.0_161\jre\classes, java.vendor=Oracle Corporation, localRepository=E:\maven_4110, file.separator=\, java.vendor.url.bug=http://bugreport.sun.com/bugreport/, sun.io.unicode.encoding=UnicodeLittle, sun.cpu.endian=little, sun.desktop=windows, sun.cpu.isalist=amd64}}, SystemEnvironmentPropertySource@1758008124 {name='systemEnvironment', properties={PATH=F:/Program Files/Java/jdk1.8.0_161/bin/../jre/bin/server;F:/Program Files/Java/jdk1.8.0_161/bin/../jre/bin;F:/Program Files/Java/jdk1.8.0_161/bin/../jre/lib/amd64;C:\WINDOWS\system32;C:\WINDOWS;C:\WINDOWS\System32\Wbem;C:\WINDOWS\System32\WindowsPowerShell\v1.0\;F:\Program Files\Java\jdk1.8.0_161\bin;C:\Program Files\MySQL\MySQL Utilities 1.6\;F:\Program Files\apache-maven-3.5.3-bin\apache-maven-3.5.3\bin;C:\WINDOWS\System32\OpenSSH\;F:\SVN\VisualSVN Server\bin;F:\Program Files\TortoiseSVN\bin;E:\Program Files\Git\cmd;C:\Users\Administrator\AppData\Local\Microsoft\WindowsApps;;C:\Users\Administrator\Desktop;, USERDOMAIN_ROAMINGPROFILE=PC-201805281501, LOCALAPPDATA=C:\Users\Administrator\AppData\Local, PROCESSOR_LEVEL=6, SYSTEMDRIVE=C:, COMMONPROGRAMFILES(X86)=C:\Program Files (x86)\Common Files, USERDOMAIN=PC-201805281501, FPS_BROWSER_APP_PROFILE_STRING=Internet Explorer, LOGONSERVER=\\PC-201805281501, JAVA_HOME=F:\Program Files\Java\jdk1.8.0_161, PROMPT=$P$G, SESSIONNAME=Console, ALLUSERSPROFILE=C:\ProgramData, PROGRAMFILES(X86)=C:\Program Files (x86), PROCESSOR_ARCHITECTURE=AMD64, DRIVERDATA=C:\Windows\System32\Drivers\DriverData, =E:=E:\springboot\rmlb-emall-sbt-parent\rmlb-emall-sbt-manager\rmlb-emall-sbt-service, MAVEN_HOME=F:\Program Files\apache-maven-3.5.3-bin\apache-maven-3.5.3, PROGRAMFILES=C:\Program Files, APPDATA=C:\Users\Administrator\AppData\Roaming, PSMODULEPATH=C:\Program Files\WindowsPowerShell\Modules;C:\WINDOWS\system32\WindowsPowerShell\v1.0\Modules;F:\SVN\VisualSVN Server\PowerShellModules, PROGRAMW6432=C:\Program Files, PROGRAMDATA=C:\ProgramData, SYSTEMROOT=C:\WINDOWS, USERNAME=Administrator, TOMCAT_HOME=F:\Tomcat\apache-tomcat-8.5.20\bin, VISUALSVN_SERVER=F:\SVN\VisualSVN Server\, FPS_BROWSER_USER_PROFILE_STRING=Default, ONEDRIVE=C:\Users\Administrator\OneDrive, PATHEXT=.COM;.EXE;.BAT;.CMD;.VBS;.VBE;.JS;.JSE;.WSF;.WSH;.MSC, OS=Windows_NT, COMMONPROGRAMW6432=C:\Program Files\Common Files, COMPUTERNAME=PC-201805281501, COMMONPROGRAMFILES=C:\Program Files\Common Files, COMSPEC=C:\WINDOWS\system32\cmd.exe, PROCESSOR_REVISION=3c03, CLASSPATH=.:F:\Program Files\Java\jdk1.8.0_161\lib\dt.jar;F:\Program Files\Java\jdk1.8.0_161\lib\tools.jar;F:\Tomcat\apache-tomcat-8.5.20\bin\BIN;, WINDIR=C:\WINDOWS, =F:=F:\, HOMEPATH=\Users\Administrator, TEMP=C:\Users\ADMINI~1\AppData\Local\Temp, HOMEDRIVE=C:, PROCESSOR_IDENTIFIER=Intel64 Family 6 Model 60 Stepping 3, GenuineIntel, USERPROFILE=C:\Users\Administrator, TMP=C:\Users\ADMINI~1\AppData\Local\Temp, PUBLIC=C:\Users\Public, NUMBER_OF_PROCESSORS=4, =::=::\}}]
16:31:32.292 [main] DEBUG org.springframework.test.context.support.TestPropertySourceUtils - Adding inlined properties to environment: {spring.jmx.enabled=false, org.springframework.boot.test.context.SpringBootTestContextBootstrapper=true, server.port=-1}
16:31:32.297 [main] DEBUG org.springframework.core.env.StandardEnvironment - Adding PropertySource 'Inlined Test Properties' with highest search precedence

  .   ____          _            __ _ _
 /\\ / ___'_ __ _ _(_)_ __  __ _ \ \ \ \
( ( )\___ | '_ | '_| | '_ \/ _` | \ \ \ \
 \\/  ___)| |_)| | | | | || (_| |  ) ) ) )
  '  |____| .__|_| |_|_| |_\__, | / / / /
 =========|_|==============|___/=/_/_/_/
 :: Spring Boot ::        (v2.0.3.RELEASE)
 :: Dubbo       ::        (v2.5.10.RELEASE)
 
2018-08-24 16:31:32.960  INFO 5744 --- [           main] com.zhiyou100.rmlb.TestMybatis           : Starting TestMybatis on PC-201805281501 with PID 5744 (started by Administrator in E:\springboot\rmlb-emall-sbt-parent\rmlb-emall-sbt-manager\rmlb-emall-sbt-service)
2018-08-24 16:31:32.962  INFO 5744 --- [           main] com.zhiyou100.rmlb.TestMybatis           : No active profile set, falling back to default profiles: default
2018-08-24 16:31:33.052  INFO 5744 --- [           main] o.s.w.c.s.GenericWebApplicationContext   : Refreshing org.springframework.web.context.support.GenericWebApplicationContext@3d1848cc: startup date [Fri Aug 24 16:31:33 CST 2018]; root of context hierarchy
2018-08-24 16:31:34.915  INFO 5744 --- [           main] .s.d.r.c.RepositoryConfigurationDelegate : Multiple Spring Data modules found, entering strict repository configuration mode!
2018-08-24 16:31:35.423  INFO 5744 --- [           main] c.a.dubbo.common.logger.LoggerFactory    : using logger: com.alibaba.dubbo.common.logger.log4j.Log4jLoggerAdapter
2018-08-24 16:31:35.604  INFO 5744 --- [           main] c.r.dubbo.config.DubboAutoConfiguration  : dubbo开始扫描: com.zhiyou100.rmlb.sbt.emall.dubbo
2018-08-24 16:31:35.931  INFO 5744 --- [           main] trationDelegate$BeanPostProcessorChecker : Bean 'org.springframework.transaction.annotation.ProxyTransactionManagementConfiguration' of type [org.springframework.transaction.annotation.ProxyTransactionManagementConfiguration$$EnhancerBySpringCGLIB$$fe4ca6a2] is not eligible for getting processed by all BeanPostProcessors (for example: not eligible for auto-proxying)
2018-08-24 16:31:36.432  INFO 5744 --- [           main] o.s.s.concurrent.ThreadPoolTaskExecutor  : Initializing ExecutorService 
2018-08-24 16:31:36.562  INFO 5744 --- [           main] c.a.d.s.b.a.DruidDataSourceAutoConfigure : Init DruidDataSource
2018-08-24 16:31:37.142  INFO 5744 --- [           main] com.alibaba.druid.pool.DruidDataSource   : {dataSource-1} inited
2018-08-24 16:31:37.189 DEBUG 5744 --- [           main] org.apache.ibatis.logging.LogFactory     : Logging initialized using 'class org.apache.ibatis.logging.slf4j.Slf4jImpl' adapter.
2018-08-24 16:31:37.324 DEBUG 5744 --- [           main] org.apache.ibatis.io.VFS                 : Using VFS adapter org.mybatis.spring.boot.autoconfigure.SpringBootVFS
2018-08-24 16:31:37.332 DEBUG 5744 --- [           main] org.apache.ibatis.io.ResolverUtil        : Checking to see if class com.zhiyou100.rmlb.sbt.emall.pojo.TbContent matches criteria [is assignable to Object]
2018-08-24 16:31:37.333 DEBUG 5744 --- [           main] org.apache.ibatis.io.ResolverUtil        : Checking to see if class com.zhiyou100.rmlb.sbt.emall.pojo.TbContentCategory matches criteria [is assignable to Object]
2018-08-24 16:31:37.335 DEBUG 5744 --- [           main] org.apache.ibatis.io.ResolverUtil        : Checking to see if class com.zhiyou100.rmlb.sbt.emall.pojo.TbContentCategoryExample$Criteria matches criteria [is assignable to Object]
2018-08-24 16:31:37.337 DEBUG 5744 --- [           main] org.apache.ibatis.io.ResolverUtil        : Checking to see if class com.zhiyou100.rmlb.sbt.emall.pojo.TbContentCategoryExample$Criterion matches criteria [is assignable to Object]
2018-08-24 16:31:37.350 DEBUG 5744 --- [           main] org.apache.ibatis.io.ResolverUtil        : Checking to see if class com.zhiyou100.rmlb.sbt.emall.pojo.TbContentCategoryExample$GeneratedCriteria matches criteria [is assignable to Object]
2018-08-24 16:31:37.351 DEBUG 5744 --- [           main] org.apache.ibatis.io.ResolverUtil        : Checking to see if class com.zhiyou100.rmlb.sbt.emall.pojo.TbContentCategoryExample matches criteria [is assignable to Object]
2018-08-24 16:31:37.353 DEBUG 5744 --- [           main] org.apache.ibatis.io.ResolverUtil        : Checking to see if class com.zhiyou100.rmlb.sbt.emall.pojo.TbContentExample$Criteria matches criteria [is assignable to Object]
2018-08-24 16:31:37.362 DEBUG 5744 --- [           main] org.apache.ibatis.io.ResolverUtil        : Checking to see if class com.zhiyou100.rmlb.sbt.emall.pojo.TbContentExample$Criterion matches criteria [is assignable to Object]
2018-08-24 16:31:37.365 DEBUG 5744 --- [           main] org.apache.ibatis.io.ResolverUtil        : Checking to see if class com.zhiyou100.rmlb.sbt.emall.pojo.TbContentExample$GeneratedCriteria matches criteria [is assignable to Object]
2018-08-24 16:31:37.366 DEBUG 5744 --- [           main] org.apache.ibatis.io.ResolverUtil        : Checking to see if class com.zhiyou100.rmlb.sbt.emall.pojo.TbContentExample matches criteria [is assignable to Object]
2018-08-24 16:31:37.367 DEBUG 5744 --- [           main] org.apache.ibatis.io.ResolverUtil        : Checking to see if class com.zhiyou100.rmlb.sbt.emall.pojo.TbItem matches criteria [is assignable to Object]
2018-08-24 16:31:37.369 DEBUG 5744 --- [           main] org.apache.ibatis.io.ResolverUtil        : Checking to see if class com.zhiyou100.rmlb.sbt.emall.pojo.TbItemCat matches criteria [is assignable to Object]
2018-08-24 16:31:37.527 DEBUG 5744 --- [           main] org.apache.ibatis.io.ResolverUtil        : Checking to see if class com.zhiyou100.rmlb.sbt.emall.pojo.TbItemCatExample$Criteria matches criteria [is assignable to Object]
2018-08-24 16:31:37.533 DEBUG 5744 --- [           main] org.apache.ibatis.io.ResolverUtil        : Checking to see if class com.zhiyou100.rmlb.sbt.emall.pojo.TbItemCatExample$Criterion matches criteria [is assignable to Object]
2018-08-24 16:31:37.535 DEBUG 5744 --- [           main] org.apache.ibatis.io.ResolverUtil        : Checking to see if class com.zhiyou100.rmlb.sbt.emall.pojo.TbItemCatExample$GeneratedCriteria matches criteria [is assignable to Object]
2018-08-24 16:31:37.536 DEBUG 5744 --- [           main] org.apache.ibatis.io.ResolverUtil        : Checking to see if class com.zhiyou100.rmlb.sbt.emall.pojo.TbItemCatExample matches criteria [is assignable to Object]
2018-08-24 16:31:37.558 DEBUG 5744 --- [           main] org.apache.ibatis.io.ResolverUtil        : Checking to see if class com.zhiyou100.rmlb.sbt.emall.pojo.TbItemDesc matches criteria [is assignable to Object]
2018-08-24 16:31:37.568 DEBUG 5744 --- [           main] org.apache.ibatis.io.ResolverUtil        : Checking to see if class com.zhiyou100.rmlb.sbt.emall.pojo.TbItemDescExample$Criteria matches criteria [is assignable to Object]
2018-08-24 16:31:37.573 DEBUG 5744 --- [           main] org.apache.ibatis.io.ResolverUtil        : Checking to see if class com.zhiyou100.rmlb.sbt.emall.pojo.TbItemDescExample$Criterion matches criteria [is assignable to Object]
2018-08-24 16:31:37.574 DEBUG 5744 --- [           main] org.apache.ibatis.io.ResolverUtil        : Checking to see if class com.zhiyou100.rmlb.sbt.emall.pojo.TbItemDescExample$GeneratedCriteria matches criteria [is assignable to Object]
2018-08-24 16:31:37.575 DEBUG 5744 --- [           main] org.apache.ibatis.io.ResolverUtil        : Checking to see if class com.zhiyou100.rmlb.sbt.emall.pojo.TbItemDescExample matches criteria [is assignable to Object]
2018-08-24 16:31:37.576 DEBUG 5744 --- [           main] org.apache.ibatis.io.ResolverUtil        : Checking to see if class com.zhiyou100.rmlb.sbt.emall.pojo.TbItemExample$Criteria matches criteria [is assignable to Object]
2018-08-24 16:31:37.579 DEBUG 5744 --- [           main] org.apache.ibatis.io.ResolverUtil        : Checking to see if class com.zhiyou100.rmlb.sbt.emall.pojo.TbItemExample$Criterion matches criteria [is assignable to Object]
2018-08-24 16:31:37.580 DEBUG 5744 --- [           main] org.apache.ibatis.io.ResolverUtil        : Checking to see if class com.zhiyou100.rmlb.sbt.emall.pojo.TbItemExample$GeneratedCriteria matches criteria [is assignable to Object]
2018-08-24 16:31:37.581 DEBUG 5744 --- [           main] org.apache.ibatis.io.ResolverUtil        : Checking to see if class com.zhiyou100.rmlb.sbt.emall.pojo.TbItemExample matches criteria [is assignable to Object]
2018-08-24 16:31:37.584 DEBUG 5744 --- [           main] org.apache.ibatis.io.ResolverUtil        : Checking to see if class com.zhiyou100.rmlb.sbt.emall.pojo.TbItemParam matches criteria [is assignable to Object]
2018-08-24 16:31:37.584 DEBUG 5744 --- [           main] org.apache.ibatis.io.ResolverUtil        : Checking to see if class com.zhiyou100.rmlb.sbt.emall.pojo.TbItemParamExample$Criteria matches criteria [is assignable to Object]
2018-08-24 16:31:37.586 DEBUG 5744 --- [           main] org.apache.ibatis.io.ResolverUtil        : Checking to see if class com.zhiyou100.rmlb.sbt.emall.pojo.TbItemParamExample$Criterion matches criteria [is assignable to Object]
2018-08-24 16:31:37.586 DEBUG 5744 --- [           main] org.apache.ibatis.io.ResolverUtil        : Checking to see if class com.zhiyou100.rmlb.sbt.emall.pojo.TbItemParamExample$GeneratedCriteria matches criteria [is assignable to Object]
2018-08-24 16:31:37.587 DEBUG 5744 --- [           main] org.apache.ibatis.io.ResolverUtil        : Checking to see if class com.zhiyou100.rmlb.sbt.emall.pojo.TbItemParamExample matches criteria [is assignable to Object]
2018-08-24 16:31:37.587 DEBUG 5744 --- [           main] org.apache.ibatis.io.ResolverUtil        : Checking to see if class com.zhiyou100.rmlb.sbt.emall.pojo.TbItemParamItem matches criteria [is assignable to Object]
2018-08-24 16:31:37.588 DEBUG 5744 --- [           main] org.apache.ibatis.io.ResolverUtil        : Checking to see if class com.zhiyou100.rmlb.sbt.emall.pojo.TbItemParamItemExample$Criteria matches criteria [is assignable to Object]
2018-08-24 16:31:37.588 DEBUG 5744 --- [           main] org.apache.ibatis.io.ResolverUtil        : Checking to see if class com.zhiyou100.rmlb.sbt.emall.pojo.TbItemParamItemExample$Criterion matches criteria [is assignable to Object]
2018-08-24 16:31:37.589 DEBUG 5744 --- [           main] org.apache.ibatis.io.ResolverUtil        : Checking to see if class com.zhiyou100.rmlb.sbt.emall.pojo.TbItemParamItemExample$GeneratedCriteria matches criteria [is assignable to Object]
2018-08-24 16:31:37.589 DEBUG 5744 --- [           main] org.apache.ibatis.io.ResolverUtil        : Checking to see if class com.zhiyou100.rmlb.sbt.emall.pojo.TbItemParamItemExample matches criteria [is assignable to Object]
2018-08-24 16:31:37.589 DEBUG 5744 --- [           main] org.apache.ibatis.io.ResolverUtil        : Checking to see if class com.zhiyou100.rmlb.sbt.emall.pojo.TbOrder matches criteria [is assignable to Object]
2018-08-24 16:31:37.590 DEBUG 5744 --- [           main] org.apache.ibatis.io.ResolverUtil        : Checking to see if class com.zhiyou100.rmlb.sbt.emall.pojo.TbOrderExample$Criteria matches criteria [is assignable to Object]
2018-08-24 16:31:37.593 DEBUG 5744 --- [           main] org.apache.ibatis.io.ResolverUtil        : Checking to see if class com.zhiyou100.rmlb.sbt.emall.pojo.TbOrderExample$Criterion matches criteria [is assignable to Object]
2018-08-24 16:31:37.594 DEBUG 5744 --- [           main] org.apache.ibatis.io.ResolverUtil        : Checking to see if class com.zhiyou100.rmlb.sbt.emall.pojo.TbOrderExample$GeneratedCriteria matches criteria [is assignable to Object]
2018-08-24 16:31:37.595 DEBUG 5744 --- [           main] org.apache.ibatis.io.ResolverUtil        : Checking to see if class com.zhiyou100.rmlb.sbt.emall.pojo.TbOrderExample matches criteria [is assignable to Object]
[...]
	at org.springframework.test.context.junit4.SpringJUnit4ClassRunner.run(SpringJUnit4ClassRunner.java:190) [spring-test-5.0.7.RELEASE.jar:5.0.7.RELEASE]
	at org.apache.maven.surefire.junit4.JUnit4Provider.execute(JUnit4Provider.java:365) [surefire-junit4-2.21.0.jar:2.21.0]
	at org.apache.maven.surefire.junit4.JUnit4Provider.executeWithRerun(JUnit4Provider.java:273) [surefire-junit4-2.21.0.jar:2.21.0]
	at org.apache.maven.surefire.junit4.JUnit4Provider.executeTestSet(JUnit4Provider.java:238) [surefire-junit4-2.21.0.jar:2.21.0]
	at org.apache.maven.surefire.junit4.JUnit4Provider.invoke(JUnit4Provider.java:159) [surefire-junit4-2.21.0.jar:2.21.0]
	at org.apache.maven.surefire.booter.ForkedBooter.invokeProviderInSameClassLoader(ForkedBooter.java:379) [surefire-booter-2.21.0.jar:2.21.0]
	at org.apache.maven.surefire.booter.ForkedBooter.runSuitesInProcess(ForkedBooter.java:340) [surefire-booter-2.21.0.jar:2.21.0]
	at org.apache.maven.surefire.booter.ForkedBooter.execute(ForkedBooter.java:125) [surefire-booter-2.21.0.jar:2.21.0]
	at org.apache.maven.surefire.booter.ForkedBooter.main(ForkedBooter.java:413) [surefire-booter-2.21.0.jar:2.21.0]
Caused by: com.alibaba.dubbo.remoting.RemotingException: Failed to bind NettyServer on /192.168.4.215:20880, cause: Failed to bind to: /0.0.0.0:20880
	at com.alibaba.dubbo.remoting.transport.AbstractServer.<init>(AbstractServer.java:68) ~[dubbo-2.5.10.jar:2.0.1]
	at com.alibaba.dubbo.remoting.transport.netty.NettyServer.<init>(NettyServer.java:61) ~[dubbo-2.5.10.jar:2.0.1]
	at com.alibaba.dubbo.remoting.transport.netty.NettyTransporter.bind(NettyTransporter.java:31) ~[dubbo-2.5.10.jar:2.0.1]
	at com.alibaba.dubbo.remoting.Transporter$Adaptive.bind(Transporter$Adaptive.java) ~[dubbo-2.5.10.jar:2.0.1]
	at com.alibaba.dubbo.remoting.Transporters.bind(Transporters.java:56) ~[dubbo-2.5.10.jar:2.0.1]
	at com.alibaba.dubbo.remoting.exchange.support.header.HeaderExchanger.bind(HeaderExchanger.java:42) ~[dubbo-2.5.10.jar:2.0.1]
	at com.alibaba.dubbo.remoting.exchange.Exchangers.bind(Exchangers.java:70) ~[dubbo-2.5.10.jar:2.0.1]
	at com.alibaba.dubbo.rpc.protocol.dubbo.DubboProtocol.createServer(DubboProtocol.java:272) ~[dubbo-2.5.10.jar:2.0.1]
	... 58 common frames omitted
Caused by: org.jboss.netty.channel.ChannelException: Failed to bind to: /0.0.0.0:20880
	at org.jboss.netty.bootstrap.ServerBootstrap.bind(ServerBootstrap.java:303) ~[netty-3.2.5.Final.jar:na]
	at com.alibaba.dubbo.remoting.transport.netty.NettyServer.doOpen(NettyServer.java:92) ~[dubbo-2.5.10.jar:2.0.1]
	at com.alibaba.dubbo.remoting.transport.AbstractServer.<init>(AbstractServer.java:63) ~[dubbo-2.5.10.jar:2.0.1]
	... 65 common frames omitted
Caused by: java.net.BindException: Address already in use: bind
	at sun.nio.ch.Net.bind0(Native Method) ~[na:1.8.0_161]
	at sun.nio.ch.Net.bind(Net.java:433) ~[na:1.8.0_161]
	at sun.nio.ch.Net.bind(Net.java:425) ~[na:1.8.0_161]
	at sun.nio.ch.ServerSocketChannelImpl.bind(ServerSocketChannelImpl.java:223) ~[na:1.8.0_161]
	at sun.nio.ch.ServerSocketAdaptor.bind(ServerSocketAdaptor.java:74) ~[na:1.8.0_161]
	at org.jboss.netty.channel.socket.nio.NioServerSocketPipelineSink.bind(NioServerSocketPipelineSink.java:148) ~[netty-3.2.5.Final.jar:na]
	at org.jboss.netty.channel.socket.nio.NioServerSocketPipelineSink.handleServerSocket(NioServerSocketPipelineSink.java:100) ~[netty-3.2.5.Final.jar:na]
	at org.jboss.netty.channel.socket.nio.NioServerSocketPipelineSink.eventSunk(NioServerSocketPipelineSink.java:74) ~[netty-3.2.5.Final.jar:na]
	at org.jboss.netty.channel.Channels.bind(Channels.java:468) ~[netty-3.2.5.Final.jar:na]
	at org.jboss.netty.channel.AbstractChannel.bind(AbstractChannel.java:192) ~[netty-3.2.5.Final.jar:na]
	at org.jboss.netty.bootstrap.ServerBootstrap$Binder.channelOpen(ServerBootstrap.java:348) ~[netty-3.2.5.Final.jar:na]
	at org.jboss.netty.channel.Channels.fireChannelOpen(Channels.java:176) ~[netty-3.2.5.Final.jar:na]
	at org.jboss.netty.channel.socket.nio.NioServerSocketChannel.<init>(NioServerSocketChannel.java:85) ~[netty-3.2.5.Final.jar:na]
	at org.jboss.netty.channel.socket.nio.NioServerSocketChannelFactory.newChannel(NioServerSocketChannelFactory.java:142) ~[netty-3.2.5.Final.jar:na]
	at org.jboss.netty.channel.socket.nio.NioServerSocketChannelFactory.newChannel(NioServerSocketChannelFactory.java:90) ~[netty-3.2.5.Final.jar:na]
	at org.jboss.netty.bootstrap.ServerBootstrap.bind(ServerBootstrap.java:282) ~[netty-3.2.5.Final.jar:na]
	... 67 common frames omitted

2018-08-24 16:31:41.334  INFO 5744 --- [           main] o.s.w.c.s.GenericWebApplicationContext   : Closing org.springframework.web.context.support.GenericWebApplicationContext@3d1848cc: startup date [Fri Aug 24 16:31:33 CST 2018]; root of context hierarchy
2018-08-24 16:31:41.345  INFO 5744 --- [           main] com.alibaba.druid.pool.DruidDataSource   : {dataSource-1} closed
2018-08-24 16:31:41.365  INFO 5744 --- [           main] o.s.s.concurrent.ThreadPoolTaskExecutor  : Shutting down ExecutorService
2018-08-24 16:31:41.371  INFO 5744 --- [           main] f.a.ReferenceAnnotationBeanPostProcessor : class com.alibaba.dubbo.config.spring.beans.factory.annotation.ReferenceAnnotationBeanPostProcessor was destroying!
2018-08-24 16:31:41.372  INFO 5744 --- [           main] .b.f.a.InjectAnnotationBeanPostProcessor : class com.alibaba.dubbo.config.spring.beans.factory.annotation.InjectAnnotationBeanPostProcessor was destroying!
2018-08-24 16:31:41.372  INFO 5744 --- [           main] com.reger.dubbo.config.AnnotationBean    : dubbo开始关闭....
2018-08-24 16:31:41.372  INFO 5744 --- [           main] c.a.d.r.support.AbstractRegistryFactory  :  [DUBBO] Close all registries [], dubbo version: 2.0.1, current host: 192.168.4.215
2018-08-24 16:31:51.374  INFO 5744 --- [           main] c.a.d.rpc.protocol.dubbo.DubboProtocol   :  [DUBBO] Unexport service: dubbo://192.168.4.215:20880/com.zhiyou100.rmlb.sbt.emall.dubbo.ItemCatDubboService?anyhost=true&application=manager&bind.ip=192.168.4.215&bind.port=20880&default.service.filter=regerProviderFilter&default.timeout=10000&dubbo=2.0.1&generic=false&interface=com.zhiyou100.rmlb.sbt.emall.dubbo.ItemCatDubboService&methods=getCatList&pid=5744&qos.accept.foreign.ip=false&qos.enable=false&qos.port=0&revision=1.0.0-SNAPSHOT&side=provider&timestamp=1535099500919&version=1.0.0, dubbo version: 2.0.1, current host: 192.168.4.215
2018-08-24 16:31:51.374  INFO 5744 --- [           main] c.a.d.rpc.protocol.injvm.InjvmProtocol   :  [DUBBO] Unexport service: injvm://127.0.0.1/com.zhiyou100.rmlb.sbt.emall.dubbo.ItemCatDubboService?anyhost=true&application=manager&bind.ip=192.168.4.215&bind.port=20880&default.service.filter=regerProviderFilter&default.timeout=10000&dubbo=2.0.1&generic=false&interface=com.zhiyou100.rmlb.sbt.emall.dubbo.ItemCatDubboService&methods=getCatList&pid=5744&qos.accept.foreign.ip=false&qos.enable=false&qos.port=0&revision=1.0.0-SNAPSHOT&side=provider&timestamp=1535099500919&version=1.0.0, dubbo version: 2.0.1, current host: 192.168.4.215
2018-08-24 16:31:51.374  INFO 5744 --- [           main] c.a.d.r.support.AbstractRegistryFactory  :  [DUBBO] Close all registries [], dubbo version: 2.0.1, current host: 192.168.4.215
2018-08-24 16:31:51.376 ERROR 5744 --- [           main] o.s.test.context.TestContextManager      : Caught exception while allowing TestExecutionListener [org.springframework.test.context.web.ServletTestExecutionListener@6221a451] to prepare test instance [com.zhiyou100.rmlb.TestMybatis@21e5f0b6]

java.lang.IllegalStateException: Failed to load ApplicationContext
	at org.springframework.test.context.cache.DefaultCacheAwareContextLoaderDelegate.loadContext(DefaultCacheAwareContextLoaderDelegate.java:125) ~[spring-test-5.0.7.RELEASE.jar:5.0.7.RELEASE]
	at org.springframework.test.context.support.DefaultTestContext.getApplicationContext(DefaultTestContext.java:108) ~[spring-test-5.0.7.RELEASE.jar:5.0.7.RELEASE]
	at org.springframework.test.context.web.ServletTestExecutionListener.setUpRequestContextIfNecessary(ServletTestExecutionListener.java:190) ~[spring-test-5.0.7.RELEASE.jar:5.0.7.RELEASE]
	at org.springframework.test.context.web.ServletTestExecutionListener.prepareTestInstance(ServletTestExecutionListener.java:132) ~[spring-test-5.0.7.RELEASE.jar:5.0.7.RELEASE]
	at org.springframework.test.context.TestContextManager.prepareTestInstance(TestContextManager.java:246) ~[spring-test-5.0.7.RELEASE.jar:5.0.7.RELEASE]
	at org.springframework.test.context.junit4.SpringJUnit4ClassRunner.createTest(SpringJUnit4ClassRunner.java:227) [spring-test-5.0.7.RELEASE.jar:5.0.7.RELEASE]
	at org.springframework.test.context.junit4.SpringJUnit4ClassRunner$1.runReflectiveCall(SpringJUnit4ClassRunner.java:289) [spring-test-5.0.7.RELEASE.jar:5.0.7.RELEASE]
	at org.junit.internal.runners.model.ReflectiveCallable.run(ReflectiveCallable.java:12) [junit-4.12.jar:4.12]
	at org.springframework.test.context.junit4.SpringJUnit4ClassRunner.methodBlock(SpringJUnit4ClassRunner.java:291) [spring-test-5.0.7.RELEASE.jar:5.0.7.RELEASE]
	at org.springframework.test.context.junit4.SpringJUnit4ClassRunner.runChild(SpringJUnit4ClassRunner.java:246) [spring-test-5.0.7.RELEASE.jar:5.0.7.RELEASE]
	at org.springframework.test.context.junit4.SpringJUnit4ClassRunner.runChild(SpringJUnit4ClassRunner.java:97) [spring-test-5.0.7.RELEASE.jar:5.0.7.RELEASE]
	at org.junit.runners.ParentRunner$3.run(ParentRunner.java:290) [junit-4.12.jar:4.12]
	at org.junit.runners.ParentRunner$1.schedule(ParentRunner.java:71) [junit-4.12.jar:4.12]
	at org.junit.runners.ParentRunner.runChildren(ParentRunner.java:288) [junit-4.12.jar:4.12]
	at org.junit.runners.ParentRunner.access$000(ParentRunner.java:58) [junit-4.12.jar:4.12]
	at org.junit.runners.ParentRunner$2.evaluate(ParentRunner.java:268) [junit-4.12.jar:4.12]
	at org.springframework.test.context.junit4.statements.RunBeforeTestClassCallbacks.evaluate(RunBeforeTestClassCallbacks.java:61) [spring-test-5.0.7.RELEASE.jar:5.0.7.RELEASE]
	at org.springframework.test.context.junit4.statements.RunAfterTestClassCallbacks.evaluate(RunAfterTestClassCallbacks.java:70) [spring-test-5.0.7.RELEASE.jar:5.0.7.RELEASE]
	at org.junit.runners.ParentRunner.run(ParentRunner.java:363) [junit-4.12.jar:4.12]
	at org.springframework.test.context.junit4.SpringJUnit4ClassRunner.run(SpringJUnit4ClassRunner.java:190) [spring-test-5.0.7.RELEASE.jar:5.0.7.RELEASE]
	at org.apache.maven.surefire.junit4.JUnit4Provider.execute(JUnit4Provider.java:365) [surefire-junit4-2.21.0.jar:2.21.0]
	at org.apache.maven.surefire.junit4.JUnit4Provider.executeWithRerun(JUnit4Provider.java:273) [surefire-junit4-2.21.0.jar:2.21.0]
	at org.apache.maven.surefire.junit4.JUnit4Provider.executeTestSet(JUnit4Provider.java:238) [surefire-junit4-2.21.0.jar:2.21.0]
	at org.apache.maven.surefire.junit4.JUnit4Provider.invoke(JUnit4Provider.java:159) [surefire-junit4-2.21.0.jar:2.21.0]
	at org.apache.maven.surefire.booter.ForkedBooter.invokeProviderInSameClassLoader(ForkedBooter.java:379) [surefire-booter-2.21.0.jar:2.21.0]
	at org.apache.maven.surefire.booter.ForkedBooter.runSuitesInProcess(ForkedBooter.java:340) [surefire-booter-2.21.0.jar:2.21.0]
	at org.apache.maven.surefire.booter.ForkedBooter.execute(ForkedBooter.java:125) [surefire-booter-2.21.0.jar:2.21.0]
	at org.apache.maven.surefire.booter.ForkedBooter.main(ForkedBooter.java:413) [surefire-booter-2.21.0.jar:2.21.0]
Caused by: com.alibaba.dubbo.rpc.RpcException: Fail to start server(url: dubbo://192.168.4.215:20880/com.zhiyou100.rmlb.sbt.emall.dubbo.ItemCatDubboService?anyhost=true&application=manager&bind.ip=192.168.4.215&bind.port=20880&channel.readonly.sent=true&codec=dubbo&default.service.filter=regerProviderFilter&default.timeout=10000&dubbo=2.0.1&generic=false&heartbeat=60000&interface=com.zhiyou100.rmlb.sbt.emall.dubbo.ItemCatDubboService&methods=getCatList&pid=5744&qos.accept.foreign.ip=false&qos.enable=false&qos.port=0&revision=1.0.0-SNAPSHOT&side=provider&timestamp=1535099500919&version=1.0.0) Failed to bind NettyServer on /192.168.4.215:20880, cause: Failed to bind to: /0.0.0.0:20880
	at com.alibaba.dubbo.rpc.protocol.dubbo.DubboProtocol.createServer(DubboProtocol.java:274) ~[dubbo-2.5.10.jar:2.0.1]
	at com.alibaba.dubbo.rpc.protocol.dubbo.DubboProtocol.openServer(DubboProtocol.java:251) ~[dubbo-2.5.10.jar:2.0.1]
	at com.alibaba.dubbo.rpc.protocol.dubbo.DubboProtocol.export(DubboProtocol.java:238) ~[dubbo-2.5.10.jar:2.0.1]
	at com.alibaba.dubbo.rpc.protocol.ProtocolListenerWrapper.export(ProtocolListenerWrapper.java:56) ~[dubbo-2.5.10.jar:2.0.1]
	at com.alibaba.dubbo.qos.protocol.QosProtocolWrapper.export(QosProtocolWrapper.java:56) ~[dubbo-2.5.10.jar:2.0.1]
	at com.alibaba.dubbo.rpc.protocol.ProtocolFilterWrapper.export(ProtocolFilterWrapper.java:93) ~[dubbo-2.5.10.jar:2.0.1]
	at com.alibaba.dubbo.rpc.Protocol$Adaptive.export(Protocol$Adaptive.java) ~[dubbo-2.5.10.jar:2.0.1]
	at com.alibaba.dubbo.registry.integration.RegistryProtocol.doLocalExport(RegistryProtocol.java:166) ~[dubbo-2.5.10.jar:2.0.1]
	at com.alibaba.dubbo.registry.integration.RegistryProtocol.export(RegistryProtocol.java:129) ~[dubbo-2.5.10.jar:2.0.1]
	at com.alibaba.dubbo.rpc.protocol.ProtocolListenerWrapper.export(ProtocolListenerWrapper.java:54) ~[dubbo-2.5.10.jar:2.0.1]
	at com.alibaba.dubbo.qos.protocol.QosProtocolWrapper.export(QosProtocolWrapper.java:54) ~[dubbo-2.5.10.jar:2.0.1]
	at com.alibaba.dubbo.rpc.protocol.ProtocolFilterWrapper.export(ProtocolFilterWrapper.java:91) ~[dubbo-2.5.10.jar:2.0.1]
	at com.alibaba.dubbo.rpc.Protocol$Adaptive.export(Protocol$Adaptive.java) ~[dubbo-2.5.10.jar:2.0.1]
	at com.alibaba.dubbo.config.ServiceConfig.doExportUrlsFor1Protocol(ServiceConfig.java:504) ~[dubbo-2.5.10.jar:2.0.1]
	at com.alibaba.dubbo.config.ServiceConfig.doExportUrls(ServiceConfig.java:356) ~[dubbo-2.5.10.jar:2.0.1]
	at com.alibaba.dubbo.config.ServiceConfig.doExport(ServiceConfig.java:315) ~[dubbo-2.5.10.jar:2.0.1]
	at com.alibaba.dubbo.config.ServiceConfig.export(ServiceConfig.java:214) ~[dubbo-2.5.10.jar:2.0.1]
	at com.alibaba.dubbo.config.spring.ServiceBean.onApplicationEvent(ServiceBean.java:120) ~[dubbo-2.5.10.jar:2.0.1]
	at com.alibaba.dubbo.config.spring.ServiceBean.onApplicationEvent(ServiceBean.java:49) ~[dubbo-2.5.10.jar:2.0.1]
	at org.springframework.context.event.SimpleApplicationEventMulticaster.doInvokeListener(SimpleApplicationEventMulticaster.java:172) ~[spring-context-5.0.7.RELEASE.jar:5.0.7.RELEASE]
	at org.springframework.context.event.SimpleApplicationEventMulticaster.invokeListener(SimpleApplicationEventMulticaster.java:165) ~[spring-context-5.0.7.RELEASE.jar:5.0.7.RELEASE]
	at org.springframework.context.event.SimpleApplicationEventMulticaster.multicastEvent(SimpleApplicationEventMulticaster.java:139) ~[spring-context-5.0.7.RELEASE.jar:5.0.7.RELEASE]
	at org.springframework.context.support.AbstractApplicationContext.publishEvent(AbstractApplicationContext.java:400) ~[spring-context-5.0.7.RELEASE.jar:5.0.7.RELEASE]
	at org.springframework.context.support.AbstractApplicationContext.publishEvent(AbstractApplicationContext.java:354) ~[spring-context-5.0.7.RELEASE.jar:5.0.7.RELEASE]
	at org.springframework.context.support.AbstractApplicationContext.finishRefresh(AbstractApplicationContext.java:888) ~[spring-context-5.0.7.RELEASE.jar:5.0.7.RELEASE]
	at org.springframework.context.support.AbstractApplicationContext.refresh(AbstractApplicationContext.java:553) ~[spring-context-5.0.7.RELEASE.jar:5.0.7.RELEASE]
	at org.springframework.boot.SpringApplication.refresh(SpringApplication.java:759) ~[spring-boot-2.0.3.RELEASE.jar:2.0.3.RELEASE]
	at org.springframework.boot.SpringApplication.refreshContext(SpringApplication.java:395) ~[spring-boot-2.0.3.RELEASE.jar:2.0.3.RELEASE]
	at org.springframework.boot.SpringApplication.run(SpringApplication.java:327) ~[spring-boot-2.0.3.RELEASE.jar:2.0.3.RELEASE]
	at org.springframework.boot.test.context.SpringBootContextLoader.loadContext(SpringBootContextLoader.java:139) ~[spring-boot-test-2.0.3.RELEASE.jar:2.0.3.RELEASE]
	at org.springframework.test.context.cache.DefaultCacheAwareContextLoaderDelegate.loadContextInternal(DefaultCacheAwareContextLoaderDelegate.java:99) ~[spring-test-5.0.7.RELEASE.jar:5.0.7.RELEASE]
	at org.springframework.test.context.cache.DefaultCacheAwareContextLoaderDelegate.loadContext(DefaultCacheAwareContextLoaderDelegate.java:117) ~[spring-test-5.0.7.RELEASE.jar:5.0.7.RELEASE]
	... 27 common frames omitted
Caused by: com.alibaba.dubbo.remoting.RemotingException: Failed to bind NettyServer on /192.168.4.215:20880, cause: Failed to bind to: /0.0.0.0:20880
	at com.alibaba.dubbo.remoting.transport.AbstractServer.<init>(AbstractServer.java:68) ~[dubbo-2.5.10.jar:2.0.1]
	at com.alibaba.dubbo.remoting.transport.netty.NettyServer.<init>(NettyServer.java:61) ~[dubbo-2.5.10.jar:2.0.1]
	at com.alibaba.dubbo.remoting.transport.netty.NettyTransporter.bind(NettyTransporter.java:31) ~[dubbo-2.5.10.jar:2.0.1]
	at com.alibaba.dubbo.remoting.Transporter$Adaptive.bind(Transporter$Adaptive.java) ~[dubbo-2.5.10.jar:2.0.1]
	at com.alibaba.dubbo.remoting.Transporters.bind(Transporters.java:56) ~[dubbo-2.5.10.jar:2.0.1]
	at com.alibaba.dubbo.remoting.exchange.support.header.HeaderExchanger.bind(HeaderExchanger.java:42) ~[dubbo-2.5.10.jar:2.0.1]
	at com.alibaba.dubbo.remoting.exchange.Exchangers.bind(Exchangers.java:70) ~[dubbo-2.5.10.jar:2.0.1]
	at com.alibaba.dubbo.rpc.protocol.dubbo.DubboProtocol.createServer(DubboProtocol.java:272) ~[dubbo-2.5.10.jar:2.0.1]
	... 58 common frames omitted
Caused by: org.jboss.netty.channel.ChannelException: Failed to bind to: /0.0.0.0:20880
	at org.jboss.netty.bootstrap.ServerBootstrap.bind(ServerBootstrap.java:303) ~[netty-3.2.5.Final.jar:na]
	at com.alibaba.dubbo.remoting.transport.netty.NettyServer.doOpen(NettyServer.java:92) ~[dubbo-2.5.10.jar:2.0.1]
	at com.alibaba.dubbo.remoting.transport.AbstractServer.<init>(AbstractServer.java:63) ~[dubbo-2.5.10.jar:2.0.1]
	... 65 common frames omitted
Caused by: java.net.BindException: Address already in use: bind
	at sun.nio.ch.Net.bind0(Native Method) ~[na:1.8.0_161]
	at sun.nio.ch.Net.bind(Net.java:433) ~[na:1.8.0_161]
	at sun.nio.ch.Net.bind(Net.java:425) ~[na:1.8.0_161]
	at sun.nio.ch.ServerSocketChannelImpl.bind(ServerSocketChannelImpl.java:223) ~[na:1.8.0_161]
	at sun.nio.ch.ServerSocketAdaptor.bind(ServerSocketAdaptor.java:74) ~[na:1.8.0_161]
	at org.jboss.netty.channel.socket.nio.NioServerSocketPipelineSink.bind(NioServerSocketPipelineSink.java:148) ~[netty-3.2.5.Final.jar:na]
	at org.jboss.netty.channel.socket.nio.NioServerSocketPipelineSink.handleServerSocket(NioServerSocketPipelineSink.java:100) ~[netty-3.2.5.Final.jar:na]
	at org.jboss.netty.channel.socket.nio.NioServerSocketPipelineSink.eventSunk(NioServerSocketPipelineSink.java:74) ~[netty-3.2.5.Final.jar:na]
	at org.jboss.netty.channel.Channels.bind(Channels.java:468) ~[netty-3.2.5.Final.jar:na]
	at org.jboss.netty.channel.AbstractChannel.bind(AbstractChannel.java:192) ~[netty-3.2.5.Final.jar:na]
	at org.jboss.netty.bootstrap.ServerBootstrap$Binder.channelOpen(ServerBootstrap.java:348) ~[netty-3.2.5.Final.jar:na]
	at org.jboss.netty.channel.Channels.fireChannelOpen(Channels.java:176) ~[netty-3.2.5.Final.jar:na]
	at org.jboss.netty.channel.socket.nio.NioServerSocketChannel.<init>(NioServerSocketChannel.java:85) ~[netty-3.2.5.Final.jar:na]
	at org.jboss.netty.channel.socket.nio.NioServerSocketChannelFactory.newChannel(NioServerSocketChannelFactory.java:142) ~[netty-3.2.5.Final.jar:na]
	at org.jboss.netty.channel.socket.nio.NioServerSocketChannelFactory.newChannel(NioServerSocketChannelFactory.java:90) ~[netty-3.2.5.Final.jar:na]
	at org.jboss.netty.bootstrap.ServerBootstrap.bind(ServerBootstrap.java:282) ~[netty-3.2.5.Final.jar:na]
	... 67 common frames omitted

]]></system-out>
  </testcase>
</testsuite>