<?xml version="1.0" encoding="UTF-8"?>
<testsuite xmlns:xsi="http://www.w3.org/2001/XMLSchema-instance" xsi:noNamespaceSchemaLocation="https://maven.apache.org/surefire/maven-surefire-plugin/xsd/surefire-test-report.xsd" name="com.zhiyou100.rmlb.TestRedis" time="0.001" tests="1" errors="1" skipped="0" failures="0">
  <properties>
[...]
</properties>
  <testcase name="redisTest" classname="com.zhiyou100.rmlb.TestRedis" time="0">
    <error type="java.lang.NullPointerException">java.lang.NullPointerException
	at com.zhiyou100.rmlb.TestRedis.redisTest(TestRedis.java:26)
</error>
  </testcase>
</testsuite>